[2026-01-29T00:29:00.617Z] Starting dev server with command: pnpm run dev
[2026-01-29T00:29:01.551Z] ERR_PNPM_NO_IMPORTER_MANIFEST_FOUND  No package.json (or package.yaml, or package.json5) was found in "/home/ubuntu/dopamine_dasher".
[2026-01-29T00:29:01.578Z] Dev server exited with code 1
[2026-01-29T05:43:45.493Z] Starting dev server with command: pnpm run dev
[2026-01-29T05:43:46.342Z] 
[2026-01-29T05:43:46.343Z] > dopamine_dasher@1.0.0 dev /home/ubuntu/dopamine_dasher
[2026-01-29T05:43:46.344Z] > NODE_ENV=development tsx watch server/_core/index.ts
[2026-01-29T05:43:46.344Z] 
[2026-01-29T05:43:46.771Z] 
[2026-01-29T05:43:46.772Z] node:internal/modules/run_main:122
[2026-01-29T05:43:46.772Z] triggerUncaughtException(
[2026-01-29T05:43:46.772Z] ^
[2026-01-29T05:43:46.773Z] Error [ERR_MODULE_NOT_FOUND]: Cannot find module '/home/ubuntu/dopamine_dasher/server/_core/index.ts' imported from /home/ubuntu/dopamine_dasher/
[2026-01-29T05:43:46.773Z] at finalizeResolution (node:internal/modules/esm/resolve:275:11)
[2026-01-29T05:43:46.773Z] at moduleResolve (node:internal/modules/esm/resolve:932:10)
[2026-01-29T05:43:46.773Z] at defaultResolve (node:internal/modules/esm/resolve:1056:11)
[2026-01-29T05:43:46.774Z] at nextResolve (node:internal/modules/esm/hooks:748:28)
[2026-01-29T05:43:46.774Z] at resolveBase (file:///home/ubuntu/dopamine_dasher/node_modules/.pnpm/tsx@4.21.0/node_modules/tsx/dist/esm/index.mjs?1769665426652:2:3744)
[2026-01-29T05:43:46.774Z] at resolveDirectory (file:///home/ubuntu/dopamine_dasher/node_modules/.pnpm/tsx@4.21.0/node_modules/tsx/dist/esm/index.mjs?1769665426652:2:4243)
[2026-01-29T05:43:46.774Z] at resolveTsPaths (file:///home/ubuntu/dopamine_dasher/node_modules/.pnpm/tsx@4.21.0/node_modules/tsx/dist/esm/index.mjs?1769665426652:2:4984)
[2026-01-29T05:43:46.775Z] at resolve (file:///home/ubuntu/dopamine_dasher/node_modules/.pnpm/tsx@4.21.0/node_modules/tsx/dist/esm/index.mjs?1769665426652:2:5361)
[2026-01-29T05:43:46.775Z] at nextResolve (node:internal/modules/esm/hooks:748:28)
[2026-01-29T05:43:46.775Z] at Hooks.resolve (node:internal/modules/esm/hooks:240:30) {
[2026-01-29T05:43:46.775Z] code: 'ERR_MODULE_NOT_FOUND',
[2026-01-29T05:43:46.776Z] url: 'file:///home/ubuntu/dopamine_dasher/server/_core/index.ts'
[2026-01-29T05:43:46.776Z] }
[2026-01-29T05:43:46.776Z] 
[2026-01-29T05:43:46.777Z] Node.js v22.13.0
[2026-01-29T05:44:40.643Z] Dev server process group stopped
[2026-01-29T05:44:40.646Z] ELIFECYCLE  Command failed.
[2026-01-29T05:44:40.662Z] Dev server exited with code -15
[2026-01-29T07:29:22.618Z] Starting dev server with command: pnpm run dev
[2026-01-29T07:29:25.090Z] 
[2026-01-29T07:29:25.091Z] > dopamine_dasher@1.0.0 dev /home/ubuntu/dopamine_dasher
[2026-01-29T07:29:25.092Z] > NODE_ENV=development tsx watch server/_core/index.ts
[2026-01-29T07:29:25.092Z] 
[2026-01-29T07:29:25.493Z] 
[2026-01-29T07:29:25.494Z] node:internal/modules/run_main:122
[2026-01-29T07:29:25.495Z] triggerUncaughtException(
[2026-01-29T07:29:25.495Z] ^
[2026-01-29T07:29:25.495Z] Error [ERR_MODULE_NOT_FOUND]: Cannot find module '/home/ubuntu/dopamine_dasher/server/_core/index.ts' imported from /home/ubuntu/dopamine_dasher/
[2026-01-29T07:29:25.496Z] at finalizeResolution (node:internal/modules/esm/resolve:275:11)
[2026-01-29T07:29:25.496Z] at moduleResolve (node:internal/modules/esm/resolve:932:10)
[2026-01-29T07:29:25.496Z] at defaultResolve (node:internal/modules/esm/resolve:1056:11)
[2026-01-29T07:29:25.496Z] at nextResolve (node:internal/modules/esm/hooks:748:28)
[2026-01-29T07:29:25.497Z] at resolveBase (file:///home/ubuntu/dopamine_dasher/node_modules/.pnpm/tsx@4.21.0/node_modules/tsx/dist/esm/index.mjs?1769671765394:2:3744)
[2026-01-29T07:29:25.497Z] at resolveDirectory (file:///home/ubuntu/dopamine_dasher/node_modules/.pnpm/tsx@4.21.0/node_modules/tsx/dist/esm/index.mjs?1769671765394:2:4243)
[2026-01-29T07:29:25.497Z] at resolveTsPaths (file:///home/ubuntu/dopamine_dasher/node_modules/.pnpm/tsx@4.21.0/node_modules/tsx/dist/esm/index.mjs?1769671765394:2:4984)
[2026-01-29T07:29:25.497Z] at resolve (file:///home/ubuntu/dopamine_dasher/node_modules/.pnpm/tsx@4.21.0/node_modules/tsx/dist/esm/index.mjs?1769671765394:2:5361)
[2026-01-29T07:29:25.498Z] at nextResolve (node:internal/modules/esm/hooks:748:28)
[2026-01-29T07:29:25.498Z] at Hooks.resolve (node:internal/modules/esm/hooks:240:30) {
[2026-01-29T07:29:25.498Z] code: 'ERR_MODULE_NOT_FOUND',
[2026-01-29T07:29:25.498Z] url: 'file:///home/ubuntu/dopamine_dasher/server/_core/index.ts'
[2026-01-29T07:29:25.499Z] }
[2026-01-29T07:29:25.499Z] 
[2026-01-29T07:29:25.499Z] Node.js v22.13.0
[2026-01-29T07:29:50.943Z] 2:29:50 AM [tsx] add in ./server/index.ts Rerunning...
[2026-01-29T07:29:51.780Z] c
[2026-01-29T07:29:51.781Z] node:internal/modules/run_main:122
[2026-01-29T07:29:51.781Z] triggerUncaughtException(
[2026-01-29T07:29:51.781Z] ^
[2026-01-29T07:29:51.782Z] Error [ERR_MODULE_NOT_FOUND]: Cannot find package '@shared/const' imported from /home/ubuntu/dopamine_dasher/server/_core/oauth.ts
[2026-01-29T07:29:51.782Z] at packageResolve (node:internal/modules/esm/resolve:857:9)
[2026-01-29T07:29:51.783Z] at moduleResolve (node:internal/modules/esm/resolve:926:18)
[2026-01-29T07:29:51.783Z] at defaultResolve (node:internal/modules/esm/resolve:1056:11)
[2026-01-29T07:29:51.783Z] at nextResolve (node:internal/modules/esm/hooks:748:28)
[2026-01-29T07:29:51.784Z] at resolveBase (file:///home/ubuntu/dopamine_dasher/node_modules/.pnpm/tsx@4.21.0/node_modules/tsx/dist/esm/index.mjs?1769671791275:2:3744)
[2026-01-29T07:29:51.784Z] at resolveDirectory (file:///home/ubuntu/dopamine_dasher/node_modules/.pnpm/tsx@4.21.0/node_modules/tsx/dist/esm/index.mjs?1769671791275:2:4243)
[2026-01-29T07:29:51.784Z] at resolveTsPaths (file:///home/ubuntu/dopamine_dasher/node_modules/.pnpm/tsx@4.21.0/node_modules/tsx/dist/esm/index.mjs?1769671791275:2:4984)
[2026-01-29T07:29:51.785Z] at resolve (file:///home/ubuntu/dopamine_dasher/node_modules/.pnpm/tsx@4.21.0/node_modules/tsx/dist/esm/index.mjs?1769671791275:2:5361)
[2026-01-29T07:29:51.785Z] at nextResolve (node:internal/modules/esm/hooks:748:28)
[2026-01-29T07:29:51.785Z] at Hooks.resolve (node:internal/modules/esm/hooks:240:30) {
[2026-01-29T07:29:51.786Z] code: 'ERR_MODULE_NOT_FOUND'
[2026-01-29T07:29:51.786Z] }
[2026-01-29T07:29:51.786Z] 
[2026-01-29T07:29:51.786Z] Node.js v22.13.0
[2026-01-29T07:29:56.062Z] Dev server process group stopped
[2026-01-29T07:29:56.065Z] ELIFECYCLE  Command failed.
[2026-01-29T07:29:56.086Z] Dev server exited with code -15
[2026-01-29T07:29:59.067Z] Starting dev server with command: pnpm run dev
[2026-01-29T07:29:59.785Z] 
[2026-01-29T07:29:59.786Z] > dopamine_dasher@1.0.0 dev /home/ubuntu/dopamine_dasher
[2026-01-29T07:29:59.786Z] > NODE_ENV=development tsx watch server/_core/index.ts
[2026-01-29T07:29:59.787Z] 
[2026-01-29T07:30:00.240Z] 
[2026-01-29T07:30:00.241Z] node:internal/modules/run_main:122
[2026-01-29T07:30:00.241Z] triggerUncaughtException(
[2026-01-29T07:30:00.241Z] ^
[2026-01-29T07:30:00.242Z] Error [ERR_MODULE_NOT_FOUND]: Cannot find package '@shared/const' imported from /home/ubuntu/dopamine_dasher/server/_core/oauth.ts
[2026-01-29T07:30:00.242Z] at packageResolve (node:internal/modules/esm/resolve:857:9)
[2026-01-29T07:30:00.242Z] at moduleResolve (node:internal/modules/esm/resolve:926:18)
[2026-01-29T07:30:00.243Z] at defaultResolve (node:internal/modules/esm/resolve:1056:11)
[2026-01-29T07:30:00.243Z] at nextResolve (node:internal/modules/esm/hooks:748:28)
[2026-01-29T07:30:00.243Z] at resolveBase (file:///home/ubuntu/dopamine_dasher/node_modules/.pnpm/tsx@4.21.0/node_modules/tsx/dist/esm/index.mjs?1769671800077:2:3744)
[2026-01-29T07:30:00.243Z] at resolveDirectory (file:///home/ubuntu/dopamine_dasher/node_modules/.pnpm/tsx@4.21.0/node_modules/tsx/dist/esm/index.mjs?1769671800077:2:4243)
[2026-01-29T07:30:00.244Z] at resolveTsPaths (file:///home/ubuntu/dopamine_dasher/node_modules/.pnpm/tsx@4.21.0/node_modules/tsx/dist/esm/index.mjs?1769671800077:2:4984)
[2026-01-29T07:30:00.244Z] at resolve (file:///home/ubuntu/dopamine_dasher/node_modules/.pnpm/tsx@4.21.0/node_modules/tsx/dist/esm/index.mjs?1769671800077:2:5361)
[2026-01-29T07:30:00.244Z] at nextResolve (node:internal/modules/esm/hooks:748:28)
[2026-01-29T07:30:00.244Z] at Hooks.resolve (node:internal/modules/esm/hooks:240:30) {
[2026-01-29T07:30:00.245Z] code: 'ERR_MODULE_NOT_FOUND'
[2026-01-29T07:30:00.245Z] }
[2026-01-29T07:30:00.245Z] 
[2026-01-29T07:30:00.245Z] Node.js v22.13.0
[2026-01-29T07:30:42.578Z] Dev server process group stopped
[2026-01-29T07:30:42.581Z] ELIFECYCLE  Command failed.
[2026-01-29T07:30:42.595Z] Dev server exited with code -15
[2026-01-29T07:30:45.583Z] Starting dev server with command: pnpm run dev
[2026-01-29T07:30:46.395Z] 
[2026-01-29T07:30:46.396Z] > dopamine_dasher@1.0.0 dev /home/ubuntu/dopamine_dasher
[2026-01-29T07:30:46.396Z] > NODE_ENV=development tsx watch server/_core/index.ts
[2026-01-29T07:30:46.397Z] 
[2026-01-29T07:30:46.850Z] 
[2026-01-29T07:30:46.850Z] node:internal/modules/run_main:122
[2026-01-29T07:30:46.851Z] triggerUncaughtException(
[2026-01-29T07:30:46.851Z] ^
[2026-01-29T07:30:46.851Z] Error [ERR_MODULE_NOT_FOUND]: Cannot find package '@shared/const' imported from /home/ubuntu/dopamine_dasher/server/_core/oauth.ts
[2026-01-29T07:30:46.852Z] at packageResolve (node:internal/modules/esm/resolve:857:9)
[2026-01-29T07:30:46.852Z] at moduleResolve (node:internal/modules/esm/resolve:926:18)
[2026-01-29T07:30:46.852Z] at defaultResolve (node:internal/modules/esm/resolve:1056:11)
[2026-01-29T07:30:46.852Z] at nextResolve (node:internal/modules/esm/hooks:748:28)
[2026-01-29T07:30:46.853Z] at resolveBase (file:///home/ubuntu/dopamine_dasher/node_modules/.pnpm/tsx@4.21.0/node_modules/tsx/dist/esm/index.mjs?1769671846701:2:3744)
[2026-01-29T07:30:46.853Z] at resolveDirectory (file:///home/ubuntu/dopamine_dasher/node_modules/.pnpm/tsx@4.21.0/node_modules/tsx/dist/esm/index.mjs?1769671846701:2:4243)
[2026-01-29T07:30:46.853Z] at resolveTsPaths (file:///home/ubuntu/dopamine_dasher/node_modules/.pnpm/tsx@4.21.0/node_modules/tsx/dist/esm/index.mjs?1769671846701:2:4984)
[2026-01-29T07:30:46.854Z] at resolve (file:///home/ubuntu/dopamine_dasher/node_modules/.pnpm/tsx@4.21.0/node_modules/tsx/dist/esm/index.mjs?1769671846701:2:5361)
[2026-01-29T07:30:46.854Z] at nextResolve (node:internal/modules/esm/hooks:748:28)
[2026-01-29T07:30:46.854Z] at Hooks.resolve (node:internal/modules/esm/hooks:240:30) {
[2026-01-29T07:30:46.854Z] code: 'ERR_MODULE_NOT_FOUND'
[2026-01-29T07:30:46.855Z] }
[2026-01-29T07:30:46.855Z] 
[2026-01-29T07:30:46.855Z] Node.js v22.13.0
[2026-01-29T07:31:17.665Z] Dev server process group stopped
[2026-01-29T07:31:17.668Z] ELIFECYCLE  Command failed.
[2026-01-29T07:31:17.689Z] Dev server exited with code -15
[2026-01-29T07:31:20.669Z] Starting dev server with command: pnpm run dev
[2026-01-29T07:31:21.461Z] 
[2026-01-29T07:31:21.461Z] > dopamine_dasher@1.0.0 dev /home/ubuntu/dopamine_dasher
[2026-01-29T07:31:21.462Z] > NODE_ENV=development tsx watch server/_core/index.ts
[2026-01-29T07:31:21.462Z] 
[2026-01-29T07:31:21.894Z] 
[2026-01-29T07:31:21.895Z] node:internal/modules/run_main:122
[2026-01-29T07:31:21.896Z] triggerUncaughtException(
[2026-01-29T07:31:21.896Z] ^
[2026-01-29T07:31:21.896Z] Error [ERR_MODULE_NOT_FOUND]: Cannot find package '@shared/const' imported from /home/ubuntu/dopamine_dasher/server/_core/oauth.ts
[2026-01-29T07:31:21.897Z] at packageResolve (node:internal/modules/esm/resolve:857:9)
[2026-01-29T07:31:21.897Z] at moduleResolve (node:internal/modules/esm/resolve:926:18)
[2026-01-29T07:31:21.898Z] at defaultResolve (node:internal/modules/esm/resolve:1056:11)
[2026-01-29T07:31:21.898Z] at nextResolve (node:internal/modules/esm/hooks:748:28)
[2026-01-29T07:31:21.899Z] at resolveBase (file:///home/ubuntu/dopamine_dasher/node_modules/.pnpm/tsx@4.21.0/node_modules/tsx/dist/esm/index.mjs?1769671881749:2:3744)
[2026-01-29T07:31:21.899Z] at resolveDirectory (file:///home/ubuntu/dopamine_dasher/node_modules/.pnpm/tsx@4.21.0/node_modules/tsx/dist/esm/index.mjs?1769671881749:2:4243)
[2026-01-29T07:31:21.899Z] at resolveTsPaths (file:///home/ubuntu/dopamine_dasher/node_modules/.pnpm/tsx@4.21.0/node_modules/tsx/dist/esm/index.mjs?1769671881749:2:4984)
[2026-01-29T07:31:21.900Z] at resolve (file:///home/ubuntu/dopamine_dasher/node_modules/.pnpm/tsx@4.21.0/node_modules/tsx/dist/esm/index.mjs?1769671881749:2:5361)
[2026-01-29T07:31:21.900Z] at nextResolve (node:internal/modules/esm/hooks:748:28)
[2026-01-29T07:31:21.900Z] at Hooks.resolve (node:internal/modules/esm/hooks:240:30) {
[2026-01-29T07:31:21.900Z] code: 'ERR_MODULE_NOT_FOUND'
[2026-01-29T07:31:21.901Z] }
[2026-01-29T07:31:21.901Z] 
[2026-01-29T07:31:21.901Z] Node.js v22.13.0
[2026-01-29T07:32:18.616Z] 2:32:18 AM [tsx] change in ./server/routers.ts Rerunning...
[2026-01-29T07:32:18.843Z] c
[2026-01-29T07:32:18.844Z] node:internal/modules/run_main:122
[2026-01-29T07:32:18.844Z] triggerUncaughtException(
[2026-01-29T07:32:18.844Z] ^
[2026-01-29T07:32:18.845Z] Error [ERR_MODULE_NOT_FOUND]: Cannot find package '@shared/const' imported from /home/ubuntu/dopamine_dasher/server/_core/oauth.ts
[2026-01-29T07:32:18.845Z] at packageResolve (node:internal/modules/esm/resolve:857:9)
[2026-01-29T07:32:18.845Z] at moduleResolve (node:internal/modules/esm/resolve:926:18)
[2026-01-29T07:32:18.846Z] at defaultResolve (node:internal/modules/esm/resolve:1056:11)
[2026-01-29T07:32:18.846Z] at nextResolve (node:internal/modules/esm/hooks:748:28)
[2026-01-29T07:32:18.846Z] at resolveBase (file:///home/ubuntu/dopamine_dasher/node_modules/.pnpm/tsx@4.21.0/node_modules/tsx/dist/esm/index.mjs?1769671938706:2:3744)
[2026-01-29T07:32:18.847Z] at resolveDirectory (file:///home/ubuntu/dopamine_dasher/node_modules/.pnpm/tsx@4.21.0/node_modules/tsx/dist/esm/index.mjs?1769671938706:2:4243)
[2026-01-29T07:32:18.847Z] at resolveTsPaths (file:///home/ubuntu/dopamine_dasher/node_modules/.pnpm/tsx@4.21.0/node_modules/tsx/dist/esm/index.mjs?1769671938706:2:4984)
[2026-01-29T07:32:18.847Z] at resolve (file:///home/ubuntu/dopamine_dasher/node_modules/.pnpm/tsx@4.21.0/node_modules/tsx/dist/esm/index.mjs?1769671938706:2:5361)
[2026-01-29T07:32:18.847Z] at nextResolve (node:internal/modules/esm/hooks:748:28)
[2026-01-29T07:32:18.848Z] at Hooks.resolve (node:internal/modules/esm/hooks:240:30) {
[2026-01-29T07:32:18.848Z] code: 'ERR_MODULE_NOT_FOUND'
[2026-01-29T07:32:18.848Z] }
[2026-01-29T07:32:18.848Z] 
[2026-01-29T07:32:18.849Z] Node.js v22.13.0
[2026-01-29T07:32:32.037Z] 2:32:32 AM [tsx] change in ./server/routers.ts Rerunning...
[2026-01-29T07:32:32.274Z] c
[2026-01-29T07:32:32.275Z] node:internal/modules/run_main:122
[2026-01-29T07:32:32.275Z] triggerUncaughtException(
[2026-01-29T07:32:32.275Z] ^
[2026-01-29T07:32:32.276Z] Error [ERR_MODULE_NOT_FOUND]: Cannot find package '@shared/const' imported from /home/ubuntu/dopamine_dasher/server/_core/oauth.ts
[2026-01-29T07:32:32.276Z] at packageResolve (node:internal/modules/esm/resolve:857:9)
[2026-01-29T07:32:32.276Z] at moduleResolve (node:internal/modules/esm/resolve:926:18)
[2026-01-29T07:32:32.276Z] at defaultResolve (node:internal/modules/esm/resolve:1056:11)
[2026-01-29T07:32:32.277Z] at nextResolve (node:internal/modules/esm/hooks:748:28)
[2026-01-29T07:32:32.277Z] at resolveBase (file:///home/ubuntu/dopamine_dasher/node_modules/.pnpm/tsx@4.21.0/node_modules/tsx/dist/esm/index.mjs?1769671952136:2:3744)
[2026-01-29T07:32:32.277Z] at resolveDirectory (file:///home/ubuntu/dopamine_dasher/node_modules/.pnpm/tsx@4.21.0/node_modules/tsx/dist/esm/index.mjs?1769671952136:2:4243)
[2026-01-29T07:32:32.278Z] at resolveTsPaths (file:///home/ubuntu/dopamine_dasher/node_modules/.pnpm/tsx@4.21.0/node_modules/tsx/dist/esm/index.mjs?1769671952136:2:4984)
[2026-01-29T07:32:32.278Z] at resolve (file:///home/ubuntu/dopamine_dasher/node_modules/.pnpm/tsx@4.21.0/node_modules/tsx/dist/esm/index.mjs?1769671952136:2:5361)
[2026-01-29T07:32:32.278Z] at nextResolve (node:internal/modules/esm/hooks:748:28)
[2026-01-29T07:32:32.278Z] at Hooks.resolve (node:internal/modules/esm/hooks:240:30) {
[2026-01-29T07:32:32.279Z] code: 'ERR_MODULE_NOT_FOUND'
[2026-01-29T07:32:32.279Z] }
[2026-01-29T07:32:32.279Z] 
[2026-01-29T07:32:32.279Z] Node.js v22.13.0
[2026-01-29T07:33:28.904Z] Dev server process group stopped
[2026-01-29T07:33:28.907Z] ELIFECYCLE  Command failed.
[2026-01-29T07:33:28.922Z] Dev server exited with code -15
[2026-01-29T07:33:31.909Z] Starting dev server with command: pnpm run dev
[2026-01-29T07:33:32.634Z] 
[2026-01-29T07:33:32.634Z] > dopamine_dasher@1.0.0 dev /home/ubuntu/dopamine_dasher
[2026-01-29T07:33:32.635Z] > NODE_ENV=development tsx watch server/_core/index.ts
[2026-01-29T07:33:32.635Z] 
[2026-01-29T07:33:33.080Z] 
[2026-01-29T07:33:33.080Z] node:internal/modules/run_main:122
[2026-01-29T07:33:33.081Z] triggerUncaughtException(
[2026-01-29T07:33:33.081Z] ^
[2026-01-29T07:33:33.081Z] Error [ERR_MODULE_NOT_FOUND]: Cannot find package 'stripe' imported from /home/ubuntu/dopamine_dasher/server/routers.ts
[2026-01-29T07:33:33.082Z] at packageResolve (node:internal/modules/esm/resolve:857:9)
[2026-01-29T07:33:33.082Z] at moduleResolve (node:internal/modules/esm/resolve:926:18)
[2026-01-29T07:33:33.082Z] at defaultResolve (node:internal/modules/esm/resolve:1056:11)
[2026-01-29T07:33:33.082Z] at nextResolve (node:internal/modules/esm/hooks:748:28)
[2026-01-29T07:33:33.083Z] at resolveBase (file:///home/ubuntu/dopamine_dasher/node_modules/.pnpm/tsx@4.21.0/node_modules/tsx/dist/esm/index.mjs?1769672012913:2:3744)
[2026-01-29T07:33:33.083Z] at resolveDirectory (file:///home/ubuntu/dopamine_dasher/node_modules/.pnpm/tsx@4.21.0/node_modules/tsx/dist/esm/index.mjs?1769672012913:2:4243)
[2026-01-29T07:33:33.083Z] at resolveTsPaths (file:///home/ubuntu/dopamine_dasher/node_modules/.pnpm/tsx@4.21.0/node_modules/tsx/dist/esm/index.mjs?1769672012913:2:4984)
[2026-01-29T07:33:33.084Z] at async resolve (file:///home/ubuntu/dopamine_dasher/node_modules/.pnpm/tsx@4.21.0/node_modules/tsx/dist/esm/index.mjs?1769672012913:2:5355)
[2026-01-29T07:33:33.084Z] at async nextResolve (node:internal/modules/esm/hooks:748:22)
[2026-01-29T07:33:33.084Z] at async Hooks.resolve (node:internal/modules/esm/hooks:240:24) {
[2026-01-29T07:33:33.084Z] code: 'ERR_MODULE_NOT_FOUND'
[2026-01-29T07:33:33.085Z] }
[2026-01-29T07:33:33.085Z] 
[2026-01-29T07:33:33.085Z] Node.js v22.13.0
[2026-01-29T07:33:57.858Z] Dev server process group stopped
[2026-01-29T07:33:57.862Z] ELIFECYCLE  Command failed.
[2026-01-29T07:33:57.888Z] Dev server exited with code -15
[2026-01-29T07:34:00.864Z] Starting dev server with command: pnpm run dev
[2026-01-29T07:34:01.651Z] 
[2026-01-29T07:34:01.652Z] > dopamine_dasher@1.0.0 dev /home/ubuntu/dopamine_dasher
[2026-01-29T07:34:01.652Z] > NODE_ENV=development tsx watch server/_core/index.ts
[2026-01-29T07:34:01.653Z] 
[2026-01-29T07:34:02.146Z] 
[2026-01-29T07:34:02.147Z] node:internal/modules/run_main:122
[2026-01-29T07:34:02.148Z] triggerUncaughtException(
[2026-01-29T07:34:02.148Z] ^
[2026-01-29T07:34:02.148Z] Error [ERR_MODULE_NOT_FOUND]: Cannot find package 'stripe' imported from /home/ubuntu/dopamine_dasher/server/routers.ts
[2026-01-29T07:34:02.148Z] at packageResolve (node:internal/modules/esm/resolve:857:9)
[2026-01-29T07:34:02.149Z] at moduleResolve (node:internal/modules/esm/resolve:926:18)
[2026-01-29T07:34:02.149Z] at defaultResolve (node:internal/modules/esm/resolve:1056:11)
[2026-01-29T07:34:02.149Z] at nextResolve (node:internal/modules/esm/hooks:748:28)
[2026-01-29T07:34:02.150Z] at resolveBase (file:///home/ubuntu/dopamine_dasher/node_modules/.pnpm/tsx@4.21.0/node_modules/tsx/dist/esm/index.mjs?1769672041978:2:3744)
[2026-01-29T07:34:02.150Z] at resolveDirectory (file:///home/ubuntu/dopamine_dasher/node_modules/.pnpm/tsx@4.21.0/node_modules/tsx/dist/esm/index.mjs?1769672041978:2:4243)
[2026-01-29T07:34:02.150Z] at resolveTsPaths (file:///home/ubuntu/dopamine_dasher/node_modules/.pnpm/tsx@4.21.0/node_modules/tsx/dist/esm/index.mjs?1769672041978:2:4984)
[2026-01-29T07:34:02.150Z] at async resolve (file:///home/ubuntu/dopamine_dasher/node_modules/.pnpm/tsx@4.21.0/node_modules/tsx/dist/esm/index.mjs?1769672041978:2:5355)
[2026-01-29T07:34:02.151Z] at async nextResolve (node:internal/modules/esm/hooks:748:22)
[2026-01-29T07:34:02.151Z] at async Hooks.resolve (node:internal/modules/esm/hooks:240:24) {
[2026-01-29T07:34:02.151Z] code: 'ERR_MODULE_NOT_FOUND'
[2026-01-29T07:34:02.152Z] }
[2026-01-29T07:34:02.152Z] 
[2026-01-29T07:34:02.152Z] Node.js v22.13.0
[2026-01-29T07:34:24.142Z] Dev server process group stopped
[2026-01-29T07:34:24.144Z] ELIFECYCLE  Command failed.
[2026-01-29T07:34:24.160Z] Dev server exited with code -15
[2026-01-29T07:34:27.146Z] Starting dev server with command: pnpm run dev
[2026-01-29T07:34:27.936Z] 
[2026-01-29T07:34:27.937Z] > dopamine_dasher@1.0.0 dev /home/ubuntu/dopamine_dasher
[2026-01-29T07:34:27.937Z] > NODE_ENV=development tsx watch server/_core/index.ts
[2026-01-29T07:34:27.937Z] 
[2026-01-29T07:34:28.380Z] 
[2026-01-29T07:34:28.381Z] node:internal/modules/run_main:122
[2026-01-29T07:34:28.382Z] triggerUncaughtException(
[2026-01-29T07:34:28.382Z] ^
[2026-01-29T07:34:28.382Z] Error [ERR_MODULE_NOT_FOUND]: Cannot find package 'stripe' imported from /home/ubuntu/dopamine_dasher/server/routers.ts
[2026-01-29T07:34:28.383Z] at packageResolve (node:internal/modules/esm/resolve:857:9)
[2026-01-29T07:34:28.383Z] at moduleResolve (node:internal/modules/esm/resolve:926:18)
[2026-01-29T07:34:28.384Z] at defaultResolve (node:internal/modules/esm/resolve:1056:11)
[2026-01-29T07:34:28.384Z] at nextResolve (node:internal/modules/esm/hooks:748:28)
[2026-01-29T07:34:28.384Z] at resolveBase (file:///home/ubuntu/dopamine_dasher/node_modules/.pnpm/tsx@4.21.0/node_modules/tsx/dist/esm/index.mjs?1769672068227:2:3744)
[2026-01-29T07:34:28.384Z] at resolveDirectory (file:///home/ubuntu/dopamine_dasher/node_modules/.pnpm/tsx@4.21.0/node_modules/tsx/dist/esm/index.mjs?1769672068227:2:4243)
[2026-01-29T07:34:28.385Z] at resolveTsPaths (file:///home/ubuntu/dopamine_dasher/node_modules/.pnpm/tsx@4.21.0/node_modules/tsx/dist/esm/index.mjs?1769672068227:2:4984)
[2026-01-29T07:34:28.385Z] at async resolve (file:///home/ubuntu/dopamine_dasher/node_modules/.pnpm/tsx@4.21.0/node_modules/tsx/dist/esm/index.mjs?1769672068227:2:5355)
[2026-01-29T07:34:28.386Z] at async nextResolve (node:internal/modules/esm/hooks:748:22)
[2026-01-29T07:34:28.386Z] at async Hooks.resolve (node:internal/modules/esm/hooks:240:24) {
[2026-01-29T07:34:28.386Z] code: 'ERR_MODULE_NOT_FOUND'
[2026-01-29T07:34:28.387Z] }
[2026-01-29T07:34:28.387Z] 
[2026-01-29T07:34:28.387Z] Node.js v22.13.0
[2026-01-29T07:35:01.032Z] Dev server process group stopped
[2026-01-29T07:35:01.035Z] ELIFECYCLE  Command failed.
[2026-01-29T07:35:01.050Z] Dev server exited with code -15
[2026-01-29T07:35:04.037Z] Starting dev server with command: pnpm run dev
[2026-01-29T07:35:04.783Z] 
[2026-01-29T07:35:04.784Z] > dopamine_dasher@1.0.0 dev /home/ubuntu/dopamine_dasher
[2026-01-29T07:35:04.784Z] > NODE_ENV=development tsx watch server/_core/index.ts
[2026-01-29T07:35:04.785Z] 
[2026-01-29T07:35:05.235Z] 
[2026-01-29T07:35:05.236Z] node:internal/modules/run_main:122
[2026-01-29T07:35:05.236Z] triggerUncaughtException(
[2026-01-29T07:35:05.237Z] ^
[2026-01-29T07:35:05.237Z] Error [ERR_MODULE_NOT_FOUND]: Cannot find package 'stripe' imported from /home/ubuntu/dopamine_dasher/server/routers.ts
[2026-01-29T07:35:05.238Z] at packageResolve (node:internal/modules/esm/resolve:857:9)
[2026-01-29T07:35:05.238Z] at moduleResolve (node:internal/modules/esm/resolve:926:18)
[2026-01-29T07:35:05.239Z] at defaultResolve (node:internal/modules/esm/resolve:1056:11)
[2026-01-29T07:35:05.239Z] at nextResolve (node:internal/modules/esm/hooks:748:28)
[2026-01-29T07:35:05.239Z] at resolveBase (file:///home/ubuntu/dopamine_dasher/node_modules/.pnpm/tsx@4.21.0/node_modules/tsx/dist/esm/index.mjs?1769672105077:2:3744)
[2026-01-29T07:35:05.240Z] at resolveDirectory (file:///home/ubuntu/dopamine_dasher/node_modules/.pnpm/tsx@4.21.0/node_modules/tsx/dist/esm/index.mjs?1769672105077:2:4243)
[2026-01-29T07:35:05.240Z] at resolveTsPaths (file:///home/ubuntu/dopamine_dasher/node_modules/.pnpm/tsx@4.21.0/node_modules/tsx/dist/esm/index.mjs?1769672105077:2:4984)
[2026-01-29T07:35:05.241Z] at async resolve (file:///home/ubuntu/dopamine_dasher/node_modules/.pnpm/tsx@4.21.0/node_modules/tsx/dist/esm/index.mjs?1769672105077:2:5355)
[2026-01-29T07:35:05.241Z] at async nextResolve (node:internal/modules/esm/hooks:748:22)
[2026-01-29T07:35:05.241Z] at async Hooks.resolve (node:internal/modules/esm/hooks:240:24) {
[2026-01-29T07:35:05.242Z] code: 'ERR_MODULE_NOT_FOUND'
[2026-01-29T07:35:05.242Z] }
[2026-01-29T07:35:05.242Z] 
[2026-01-29T07:35:05.243Z] Node.js v22.13.0
[2026-01-29T07:35:27.347Z] Dev server process group stopped
[2026-01-29T07:35:27.349Z] ELIFECYCLE  Command failed.
[2026-01-29T07:35:27.371Z] Dev server exited with code -15
[2026-01-29T07:35:30.351Z] Starting dev server with command: pnpm run dev
[2026-01-29T07:35:31.138Z] 
[2026-01-29T07:35:31.139Z] > dopamine_dasher@1.0.0 dev /home/ubuntu/dopamine_dasher
[2026-01-29T07:35:31.140Z] > NODE_ENV=development tsx watch server/_core/index.ts
[2026-01-29T07:35:31.140Z] 
[2026-01-29T07:35:31.593Z] 
[2026-01-29T07:35:31.594Z] node:internal/modules/run_main:122
[2026-01-29T07:35:31.594Z] triggerUncaughtException(
[2026-01-29T07:35:31.595Z] ^
[2026-01-29T07:35:31.595Z] Error [ERR_MODULE_NOT_FOUND]: Cannot find package 'stripe' imported from /home/ubuntu/dopamine_dasher/server/routers.ts
[2026-01-29T07:35:31.595Z] at packageResolve (node:internal/modules/esm/resolve:857:9)
[2026-01-29T07:35:31.595Z] at moduleResolve (node:internal/modules/esm/resolve:926:18)
[2026-01-29T07:35:31.596Z] at defaultResolve (node:internal/modules/esm/resolve:1056:11)
[2026-01-29T07:35:31.596Z] at nextResolve (node:internal/modules/esm/hooks:748:28)
[2026-01-29T07:35:31.596Z] at resolveBase (file:///home/ubuntu/dopamine_dasher/node_modules/.pnpm/tsx@4.21.0/node_modules/tsx/dist/esm/index.mjs?1769672131427:2:3744)
[2026-01-29T07:35:31.597Z] at resolveDirectory (file:///home/ubuntu/dopamine_dasher/node_modules/.pnpm/tsx@4.21.0/node_modules/tsx/dist/esm/index.mjs?1769672131427:2:4243)
[2026-01-29T07:35:31.597Z] at resolveTsPaths (file:///home/ubuntu/dopamine_dasher/node_modules/.pnpm/tsx@4.21.0/node_modules/tsx/dist/esm/index.mjs?1769672131427:2:4984)
[2026-01-29T07:35:31.597Z] at async resolve (file:///home/ubuntu/dopamine_dasher/node_modules/.pnpm/tsx@4.21.0/node_modules/tsx/dist/esm/index.mjs?1769672131427:2:5355)
[2026-01-29T07:35:31.597Z] at async nextResolve (node:internal/modules/esm/hooks:748:22)
[2026-01-29T07:35:31.598Z] at async Hooks.resolve (node:internal/modules/esm/hooks:240:24) {
[2026-01-29T07:35:31.598Z] code: 'ERR_MODULE_NOT_FOUND'
[2026-01-29T07:35:31.598Z] }
[2026-01-29T07:35:31.599Z] 
[2026-01-29T07:35:31.599Z] Node.js v22.13.0
[2026-01-29T07:35:54.601Z] Dev server process group stopped
[2026-01-29T07:35:54.605Z] ELIFECYCLE  Command failed.
[2026-01-29T07:35:54.626Z] Dev server exited with code -15
[2026-01-29T07:35:57.606Z] Starting dev server with command: pnpm run dev
[2026-01-29T07:35:58.346Z] 
[2026-01-29T07:35:58.347Z] > dopamine_dasher@1.0.0 dev /home/ubuntu/dopamine_dasher
[2026-01-29T07:35:58.347Z] > NODE_ENV=development tsx watch server/_core/index.ts
[2026-01-29T07:35:58.348Z] 
[2026-01-29T07:35:58.795Z] 
[2026-01-29T07:35:58.796Z] node:internal/modules/run_main:122
[2026-01-29T07:35:58.796Z] triggerUncaughtException(
[2026-01-29T07:35:58.797Z] ^
[2026-01-29T07:35:58.797Z] Error [ERR_MODULE_NOT_FOUND]: Cannot find package 'stripe' imported from /home/ubuntu/dopamine_dasher/server/routers.ts
[2026-01-29T07:35:58.797Z] at packageResolve (node:internal/modules/esm/resolve:857:9)
[2026-01-29T07:35:58.797Z] at moduleResolve (node:internal/modules/esm/resolve:926:18)
[2026-01-29T07:35:58.798Z] at defaultResolve (node:internal/modules/esm/resolve:1056:11)
[2026-01-29T07:35:58.798Z] at nextResolve (node:internal/modules/esm/hooks:748:28)
[2026-01-29T07:35:58.798Z] at resolveBase (file:///home/ubuntu/dopamine_dasher/node_modules/.pnpm/tsx@4.21.0/node_modules/tsx/dist/esm/index.mjs?1769672158631:2:3744)
[2026-01-29T07:35:58.799Z] at resolveDirectory (file:///home/ubuntu/dopamine_dasher/node_modules/.pnpm/tsx@4.21.0/node_modules/tsx/dist/esm/index.mjs?1769672158631:2:4243)
[2026-01-29T07:35:58.799Z] at resolveTsPaths (file:///home/ubuntu/dopamine_dasher/node_modules/.pnpm/tsx@4.21.0/node_modules/tsx/dist/esm/index.mjs?1769672158631:2:4984)
[2026-01-29T07:35:58.799Z] at async resolve (file:///home/ubuntu/dopamine_dasher/node_modules/.pnpm/tsx@4.21.0/node_modules/tsx/dist/esm/index.mjs?1769672158631:2:5355)
[2026-01-29T07:35:58.800Z] at async nextResolve (node:internal/modules/esm/hooks:748:22)
[2026-01-29T07:35:58.800Z] at async Hooks.resolve (node:internal/modules/esm/hooks:240:24) {
[2026-01-29T07:35:58.800Z] code: 'ERR_MODULE_NOT_FOUND'
[2026-01-29T07:35:58.800Z] }
[2026-01-29T07:35:58.801Z] 
[2026-01-29T07:35:58.801Z] Node.js v22.13.0
[2026-01-29T07:36:34.528Z] Dev server process group stopped
[2026-01-29T07:36:34.531Z] ELIFECYCLE  Command failed.
[2026-01-29T07:36:34.546Z] Dev server exited with code -15
[2026-01-29T07:36:37.533Z] Starting dev server with command: pnpm run dev
[2026-01-29T07:36:38.321Z] 
[2026-01-29T07:36:38.322Z] > dopamine_dasher@1.0.0 dev /home/ubuntu/dopamine_dasher
[2026-01-29T07:36:38.323Z] > NODE_ENV=development tsx watch server/_core/index.ts
[2026-01-29T07:36:38.323Z] 
[2026-01-29T07:36:38.796Z] 
[2026-01-29T07:36:38.797Z] node:internal/modules/run_main:122
[2026-01-29T07:36:38.797Z] triggerUncaughtException(
[2026-01-29T07:36:38.797Z] ^
[2026-01-29T07:36:38.798Z] Error [ERR_MODULE_NOT_FOUND]: Cannot find package 'stripe' imported from /home/ubuntu/dopamine_dasher/server/routers.ts
[2026-01-29T07:36:38.798Z] at packageResolve (node:internal/modules/esm/resolve:857:9)
[2026-01-29T07:36:38.798Z] at moduleResolve (node:internal/modules/esm/resolve:926:18)
[2026-01-29T07:36:38.799Z] at defaultResolve (node:internal/modules/esm/resolve:1056:11)
[2026-01-29T07:36:38.799Z] at nextResolve (node:internal/modules/esm/hooks:748:28)
[2026-01-29T07:36:38.799Z] at resolveBase (file:///home/ubuntu/dopamine_dasher/node_modules/.pnpm/tsx@4.21.0/node_modules/tsx/dist/esm/index.mjs?1769672198619:2:3744)
[2026-01-29T07:36:38.800Z] at resolveDirectory (file:///home/ubuntu/dopamine_dasher/node_modules/.pnpm/tsx@4.21.0/node_modules/tsx/dist/esm/index.mjs?1769672198619:2:4243)
[2026-01-29T07:36:38.800Z] at resolveTsPaths (file:///home/ubuntu/dopamine_dasher/node_modules/.pnpm/tsx@4.21.0/node_modules/tsx/dist/esm/index.mjs?1769672198619:2:4984)
[2026-01-29T07:36:38.800Z] at async resolve (file:///home/ubuntu/dopamine_dasher/node_modules/.pnpm/tsx@4.21.0/node_modules/tsx/dist/esm/index.mjs?1769672198619:2:5355)
[2026-01-29T07:36:38.800Z] at async nextResolve (node:internal/modules/esm/hooks:748:22)
[2026-01-29T07:36:38.801Z] at async Hooks.resolve (node:internal/modules/esm/hooks:240:24) {
[2026-01-29T07:36:38.801Z] code: 'ERR_MODULE_NOT_FOUND'
[2026-01-29T07:36:38.801Z] }
[2026-01-29T07:36:38.801Z] 
[2026-01-29T07:36:38.802Z] Node.js v22.13.0
[2026-01-29T07:37:04.473Z] Dev server process group stopped
[2026-01-29T07:37:04.475Z] ELIFECYCLE  Command failed.
[2026-01-29T07:37:04.490Z] Dev server exited with code -15
[2026-01-29T07:37:07.478Z] Starting dev server with command: pnpm run dev
[2026-01-29T07:37:08.305Z] 
[2026-01-29T07:37:08.305Z] > dopamine_dasher@1.0.0 dev /home/ubuntu/dopamine_dasher
[2026-01-29T07:37:08.306Z] > NODE_ENV=development tsx watch server/_core/index.ts
[2026-01-29T07:37:08.306Z] 
[2026-01-29T07:37:08.784Z] 
[2026-01-29T07:37:08.785Z] node:internal/modules/run_main:122
[2026-01-29T07:37:08.786Z] triggerUncaughtException(
[2026-01-29T07:37:08.786Z] ^
[2026-01-29T07:37:08.786Z] Error [ERR_MODULE_NOT_FOUND]: Cannot find package 'stripe' imported from /home/ubuntu/dopamine_dasher/server/routers.ts
[2026-01-29T07:37:08.786Z] at packageResolve (node:internal/modules/esm/resolve:857:9)
[2026-01-29T07:37:08.787Z] at moduleResolve (node:internal/modules/esm/resolve:926:18)
[2026-01-29T07:37:08.787Z] at defaultResolve (node:internal/modules/esm/resolve:1056:11)
[2026-01-29T07:37:08.787Z] at nextResolve (node:internal/modules/esm/hooks:748:28)
[2026-01-29T07:37:08.788Z] at resolveBase (file:///home/ubuntu/dopamine_dasher/node_modules/.pnpm/tsx@4.21.0/node_modules/tsx/dist/esm/index.mjs?1769672228616:2:3744)
[2026-01-29T07:37:08.788Z] at resolveDirectory (file:///home/ubuntu/dopamine_dasher/node_modules/.pnpm/tsx@4.21.0/node_modules/tsx/dist/esm/index.mjs?1769672228616:2:4243)
[2026-01-29T07:37:08.788Z] at resolveTsPaths (file:///home/ubuntu/dopamine_dasher/node_modules/.pnpm/tsx@4.21.0/node_modules/tsx/dist/esm/index.mjs?1769672228616:2:4984)
[2026-01-29T07:37:08.788Z] at async resolve (file:///home/ubuntu/dopamine_dasher/node_modules/.pnpm/tsx@4.21.0/node_modules/tsx/dist/esm/index.mjs?1769672228616:2:5355)
[2026-01-29T07:37:08.789Z] at async nextResolve (node:internal/modules/esm/hooks:748:22)
[2026-01-29T07:37:08.789Z] at async Hooks.resolve (node:internal/modules/esm/hooks:240:24) {
[2026-01-29T07:37:08.789Z] code: 'ERR_MODULE_NOT_FOUND'
[2026-01-29T07:37:08.789Z] }
[2026-01-29T07:37:08.790Z] 
[2026-01-29T07:37:08.790Z] Node.js v22.13.0
[2026-01-31T07:14:30.177Z] Dev server process group stopped
[2026-01-31T07:14:30.178Z] ELIFECYCLE  Command failed.
[2026-01-31T07:14:30.313Z] Dev server exited with code -15
[2026-01-31T07:14:33.183Z] Starting dev server with command: pnpm run dev
[2026-01-31T07:14:34.058Z] 
[2026-01-31T07:14:34.059Z] > dopamine_dasher@1.0.0 dev /home/ubuntu/dopamine_dasher
[2026-01-31T07:14:34.060Z] > NODE_ENV=development tsx watch server/_core/index.ts
[2026-01-31T07:14:34.060Z] 
[2026-01-31T07:14:34.547Z] 
[2026-01-31T07:14:34.548Z] node:internal/modules/run_main:122
[2026-01-31T07:14:34.549Z] triggerUncaughtException(
[2026-01-31T07:14:34.549Z] ^
[2026-01-31T07:14:34.549Z] Error [ERR_MODULE_NOT_FOUND]: Cannot find package 'stripe' imported from /home/ubuntu/dopamine_dasher/server/routers.ts
[2026-01-31T07:14:34.550Z] at packageResolve (node:internal/modules/esm/resolve:857:9)
[2026-01-31T07:14:34.550Z] at moduleResolve (node:internal/modules/esm/resolve:926:18)
[2026-01-31T07:14:34.550Z] at defaultResolve (node:internal/modules/esm/resolve:1056:11)
[2026-01-31T07:14:34.550Z] at nextResolve (node:internal/modules/esm/hooks:748:28)
[2026-01-31T07:14:34.551Z] at resolveBase (file:///home/ubuntu/dopamine_dasher/node_modules/.pnpm/tsx@4.21.0/node_modules/tsx/dist/esm/index.mjs?1769843674372:2:3744)
[2026-01-31T07:14:34.551Z] at resolveDirectory (file:///home/ubuntu/dopamine_dasher/node_modules/.pnpm/tsx@4.21.0/node_modules/tsx/dist/esm/index.mjs?1769843674372:2:4243)
[2026-01-31T07:14:34.551Z] at resolveTsPaths (file:///home/ubuntu/dopamine_dasher/node_modules/.pnpm/tsx@4.21.0/node_modules/tsx/dist/esm/index.mjs?1769843674372:2:4984)
[2026-01-31T07:14:34.552Z] at async resolve (file:///home/ubuntu/dopamine_dasher/node_modules/.pnpm/tsx@4.21.0/node_modules/tsx/dist/esm/index.mjs?1769843674372:2:5355)
[2026-01-31T07:14:34.552Z] at async nextResolve (node:internal/modules/esm/hooks:748:22)
[2026-01-31T07:14:34.552Z] at async Hooks.resolve (node:internal/modules/esm/hooks:240:24) {
[2026-01-31T07:14:34.552Z] code: 'ERR_MODULE_NOT_FOUND'
[2026-01-31T07:14:34.553Z] }
[2026-01-31T07:14:34.553Z] 
[2026-01-31T07:14:34.553Z] Node.js v22.13.0
[2026-01-31T07:18:46.332Z] Dev server process group stopped
[2026-01-31T07:18:46.335Z] ELIFECYCLE  Command failed.
[2026-01-31T07:18:46.352Z] Dev server exited with code -15
[2026-01-31T07:18:49.337Z] Starting dev server with command: pnpm run dev
[2026-01-31T07:18:50.108Z] 
[2026-01-31T07:18:50.109Z] > dopamine_dasher@1.0.0 dev /home/ubuntu/dopamine_dasher
[2026-01-31T07:18:50.109Z] > NODE_ENV=development tsx watch server/_core/index.ts
[2026-01-31T07:18:50.109Z] 
[2026-01-31T07:18:50.590Z] 
[2026-01-31T07:18:50.591Z] node:internal/modules/run_main:122
[2026-01-31T07:18:50.592Z] triggerUncaughtException(
[2026-01-31T07:18:50.592Z] ^
[2026-01-31T07:18:50.592Z] Error [ERR_MODULE_NOT_FOUND]: Cannot find package 'stripe' imported from /home/ubuntu/dopamine_dasher/server/routers.ts
[2026-01-31T07:18:50.592Z] at packageResolve (node:internal/modules/esm/resolve:857:9)
[2026-01-31T07:18:50.593Z] at moduleResolve (node:internal/modules/esm/resolve:926:18)
[2026-01-31T07:18:50.593Z] at defaultResolve (node:internal/modules/esm/resolve:1056:11)
[2026-01-31T07:18:50.593Z] at nextResolve (node:internal/modules/esm/hooks:748:28)
[2026-01-31T07:18:50.594Z] at resolveBase (file:///home/ubuntu/dopamine_dasher/node_modules/.pnpm/tsx@4.21.0/node_modules/tsx/dist/esm/index.mjs?1769843930414:2:3744)
[2026-01-31T07:18:50.594Z] at resolveDirectory (file:///home/ubuntu/dopamine_dasher/node_modules/.pnpm/tsx@4.21.0/node_modules/tsx/dist/esm/index.mjs?1769843930414:2:4243)
[2026-01-31T07:18:50.594Z] at resolveTsPaths (file:///home/ubuntu/dopamine_dasher/node_modules/.pnpm/tsx@4.21.0/node_modules/tsx/dist/esm/index.mjs?1769843930414:2:4984)
[2026-01-31T07:18:50.595Z] at async resolve (file:///home/ubuntu/dopamine_dasher/node_modules/.pnpm/tsx@4.21.0/node_modules/tsx/dist/esm/index.mjs?1769843930414:2:5355)
[2026-01-31T07:18:50.595Z] at async nextResolve (node:internal/modules/esm/hooks:748:22)
[2026-01-31T07:18:50.595Z] at async Hooks.resolve (node:internal/modules/esm/hooks:240:24) {
[2026-01-31T07:18:50.596Z] code: 'ERR_MODULE_NOT_FOUND'
[2026-01-31T07:18:50.596Z] }
[2026-01-31T07:18:50.596Z] 
[2026-01-31T07:18:50.597Z] Node.js v22.13.0
[2026-02-01T22:29:14.797Z] Dev server process group stopped
[2026-02-01T22:29:14.823Z] ELIFECYCLE  Command failed.
[2026-02-01T22:29:14.837Z] Dev server exited with code -15
[2026-02-01T22:29:17.806Z] Starting dev server with command: pnpm run dev
[2026-02-01T22:29:18.836Z] 
[2026-02-01T22:29:18.837Z] > dopamine_dasher@1.0.0 dev /home/ubuntu/dopamine_dasher
[2026-02-01T22:29:18.837Z] > NODE_ENV=development tsx watch server/_core/index.ts
[2026-02-01T22:29:18.838Z] 
[2026-02-01T22:29:21.868Z] [OAuth] Initialized with baseURL: https://api.manus.im
[2026-02-01T22:29:22.222Z] Server running on http://localhost:3000/
[2026-02-02T01:14:52.954Z] 8:14:52 PM [vite] (client) hmr update /src/App.tsx, /src/index.css
[2026-02-02T01:14:56.584Z] Dev server process group stopped
[2026-02-02T01:14:56.685Z] ELIFECYCLE  Command failed.
[2026-02-02T01:14:56.913Z] Dev server exited with code -15
[2026-02-02T01:14:59.591Z] Starting dev server with command: pnpm run dev
[2026-02-02T01:15:00.397Z] 
[2026-02-02T01:15:00.398Z] > dopamine_dasher@1.0.0 dev /home/ubuntu/dopamine_dasher
[2026-02-02T01:15:00.399Z] > NODE_ENV=development tsx watch server/_core/index.ts
[2026-02-02T01:15:00.399Z] 
[2026-02-02T01:15:02.826Z] [OAuth] Initialized with baseURL: https://api.manus.im
[2026-02-02T01:15:03.172Z] Server running on http://localhost:3000/
[2026-02-02T04:09:26.582Z] 11:09:26 PM [vite] (client) hmr update /src/App.tsx, /src/index.css
[2026-02-02T04:09:29.828Z] Dev server process group stopped
[2026-02-02T04:09:29.832Z] ELIFECYCLE  Command failed.
[2026-02-02T04:09:29.938Z] Dev server exited with code -15
[2026-02-02T04:09:32.862Z] Starting dev server with command: pnpm run dev
[2026-02-02T04:09:33.673Z] 
[2026-02-02T04:09:33.674Z] > dopamine_dasher@1.0.0 dev /home/ubuntu/dopamine_dasher
[2026-02-02T04:09:33.675Z] > NODE_ENV=development tsx watch server/_core/index.ts
[2026-02-02T04:09:33.675Z] 
[2026-02-02T04:09:39.627Z] [OAuth] Initialized with baseURL: https://api.manus.im
[2026-02-02T04:09:40.967Z] Server running on http://localhost:3000/
[2026-02-02T05:35:19.729Z] 12:35:19 AM [vite] (client) hmr update /src/pages/BuyCoins.tsx
[2026-02-02T05:35:19.741Z] 12:35:19 AM [vite] (client) hmr update /src/pages/BuyCoins.tsx
[2026-02-02T05:35:19.983Z] 12:35:19 AM [tsx] change in ./shared/coinPackages.ts Restarting...
[2026-02-02T05:35:21.771Z] c/home/ubuntu/dopamine_dasher/server/paymentsRouter.ts:5
[2026-02-02T05:35:21.772Z] import { COIN_PACKAGES } from "../shared/coinPackages";
[2026-02-02T05:35:21.773Z] ^
[2026-02-02T05:35:21.773Z] 
[2026-02-02T05:35:21.773Z] SyntaxError: The requested module '../shared/coinPackages' does not provide an export named 'COIN_PACKAGES'
[2026-02-02T05:35:21.773Z] at ModuleJob._instantiate (node:internal/modules/esm/module_job:180:21)
[2026-02-02T05:35:21.774Z] at async ModuleJob.run (node:internal/modules/esm/module_job:263:5)
[2026-02-02T05:35:21.774Z] at async onImport.tracePromise.__proto__ (node:internal/modules/esm/loader:547:26)
[2026-02-02T05:35:21.774Z] at async asyncRunEntryPointWithESMLoader (node:internal/modules/run_main:116:5)
[2026-02-02T05:35:21.775Z] 
[2026-02-02T05:35:21.775Z] Node.js v22.13.0
[2026-02-02T05:36:18.671Z] 12:36:18 AM [tsx] change in ./server/paymentsRouter.ts Rerunning...
[2026-02-02T05:36:20.435Z] c[OAuth] Initialized with baseURL: https://api.manus.im
[2026-02-02T05:36:20.763Z] Server running on http://localhost:3000/
[2026-02-02T05:36:22.758Z] Dev server process group stopped
[2026-02-02T05:36:23.084Z] ELIFECYCLE  Command failed.
[2026-02-02T05:36:23.120Z] 12:36:23 AM [vite] (client) Pre-transform error: The service was stopped: write EPIPE
[2026-02-02T05:36:23.121Z] Plugin: vite:esbuild
[2026-02-02T05:36:23.121Z] File: /home/ubuntu/dopamine_dasher/client/src/lib/store.ts
[2026-02-02T05:36:23.124Z] /home/ubuntu/dopamine_dasher/node_modules/.pnpm/esbuild@0.27.2/node_modules/esbuild/lib/main.js:974
[2026-02-02T05:36:23.124Z] reject(new Error(error2));
[2026-02-02T05:36:23.125Z] ^
[2026-02-02T05:36:23.125Z] 
[2026-02-02T05:36:23.125Z] Error: Error during dependency optimization:
[2026-02-02T05:36:23.125Z] 
[2026-02-02T05:36:23.126Z] The service was stopped: write EPIPE
[2026-02-02T05:36:23.126Z] at /home/ubuntu/dopamine_dasher/node_modules/.pnpm/esbuild@0.27.2/node_modules/esbuild/lib/main.js:974:26
[2026-02-02T05:36:23.126Z] at responseCallbacks.<computed> (/home/ubuntu/dopamine_dasher/node_modules/.pnpm/esbuild@0.27.2/node_modules/esbuild/lib/main.js:603:9)
[2026-02-02T05:36:23.126Z] at afterClose (/home/ubuntu/dopamine_dasher/node_modules/.pnpm/esbuild@0.27.2/node_modules/esbuild/lib/main.js:594:28)
[2026-02-02T05:36:23.127Z] at /home/ubuntu/dopamine_dasher/node_modules/.pnpm/esbuild@0.27.2/node_modules/esbuild/lib/main.js:1986:18
[2026-02-02T05:36:23.127Z] at onwriteError (node:internal/streams/writable:605:3)
[2026-02-02T05:36:23.127Z] at process.processTicksAndRejections (node:internal/process/task_queues:92:21)
[2026-02-02T05:36:23.128Z] 
[2026-02-02T05:36:23.128Z] Node.js v22.13.0
[2026-02-02T05:36:23.318Z] Dev server exited with code -15
[2026-02-02T05:36:25.787Z] Starting dev server with command: pnpm run dev
[2026-02-02T05:36:26.570Z] 
[2026-02-02T05:36:26.570Z] > dopamine_dasher@1.0.0 dev /home/ubuntu/dopamine_dasher
[2026-02-02T05:36:26.571Z] > NODE_ENV=development tsx watch server/_core/index.ts
[2026-02-02T05:36:26.571Z] 
[2026-02-02T05:36:28.452Z] [OAuth] Initialized with baseURL: https://api.manus.im
[2026-02-02T05:36:28.763Z] Server running on http://localhost:3000/
[2026-02-02T06:21:33.956Z] 1:21:33 AM [tsx] change in ./drizzle/schema.ts Restarting...
[2026-02-02T06:21:36.352Z] c[OAuth] Initialized with baseURL: https://api.manus.im
[2026-02-02T06:21:36.755Z] Server running on http://localhost:3000/
[2026-02-02T06:22:25.572Z] 1:22:25 AM [vite] (client) hmr update /src/pages/BuyCoins.tsx
[2026-02-02T06:22:25.647Z] 1:22:25 AM [tsx] change in ./shared/coinPackages.ts Restarting...
[2026-02-02T06:22:27.397Z] c[OAuth] Initialized with baseURL: https://api.manus.im
[2026-02-02T06:22:27.695Z] Server running on http://localhost:3000/
[2026-02-02T06:22:29.624Z] Dev server process group stopped
[2026-02-02T06:22:29.628Z] ELIFECYCLE  Command failed.
[2026-02-02T06:22:29.707Z] Dev server exited with code -15
[2026-02-02T06:22:32.653Z] Starting dev server with command: pnpm run dev
[2026-02-02T06:22:33.501Z] 
[2026-02-02T06:22:33.502Z] > dopamine_dasher@1.0.0 dev /home/ubuntu/dopamine_dasher
[2026-02-02T06:22:33.503Z] > NODE_ENV=development tsx watch server/_core/index.ts
[2026-02-02T06:22:33.503Z] 
[2026-02-02T06:22:35.487Z] [OAuth] Initialized with baseURL: https://api.manus.im
[2026-02-02T06:22:35.766Z] Server running on http://localhost:3000/
[2026-02-02T06:58:00.320Z] Dev server process group stopped
[2026-02-02T06:58:00.323Z] ELIFECYCLE  Command failed.
[2026-02-02T06:58:00.354Z] Dev server exited with code -15
[2026-02-02T06:58:03.347Z] Starting dev server with command: pnpm run dev
[2026-02-02T06:58:04.096Z] 
[2026-02-02T06:58:04.097Z] > dopamine_dasher@1.0.0 dev /home/ubuntu/dopamine_dasher
[2026-02-02T06:58:04.097Z] > NODE_ENV=development tsx watch server/_core/index.ts
[2026-02-02T06:58:04.098Z] 
[2026-02-02T06:58:05.869Z] [OAuth] Initialized with baseURL: https://api.manus.im
[2026-02-02T06:58:06.159Z] Server running on http://localhost:3000/
[2026-02-02T07:08:21.197Z] Dev server process group stopped
[2026-02-02T07:08:21.200Z] ELIFECYCLE  Command failed.
[2026-02-02T07:08:21.270Z] Dev server exited with code -15
[2026-02-02T07:08:24.227Z] Starting dev server with command: pnpm run dev
[2026-02-02T07:08:25.005Z] 
[2026-02-02T07:08:25.006Z] > dopamine_dasher@1.0.0 dev /home/ubuntu/dopamine_dasher
[2026-02-02T07:08:25.007Z] > NODE_ENV=development tsx watch server/_core/index.ts
[2026-02-02T07:08:25.007Z] 
[2026-02-02T07:08:27.452Z] [OAuth] Initialized with baseURL: https://api.manus.im
[2026-02-02T07:08:27.837Z] Server running on http://localhost:3000/
[2026-02-02T07:12:25.187Z] 2:12:25 AM [vite] (client) hmr update /src/pages/BuyCoins.tsx
[2026-02-02T07:12:25.278Z] 2:12:25 AM [tsx] change in ./shared/coinPackages.ts Restarting...
[2026-02-02T07:12:27.402Z] c[OAuth] Initialized with baseURL: https://api.manus.im
[2026-02-02T07:12:27.772Z] Server running on http://localhost:3000/
[2026-02-02T07:12:31.186Z] 2:12:31 AM [tsx] change in ./shared/coinPackages.ts Restarting...
[2026-02-02T07:12:34.142Z] c[OAuth] Initialized with baseURL: https://api.manus.im
[2026-02-02T07:12:34.448Z] Server running on http://localhost:3000/
[2026-02-02T07:16:06.062Z] Dev server process group stopped
[2026-02-02T07:16:06.066Z] ELIFECYCLE  Command failed.
[2026-02-02T07:16:06.138Z] Dev server exited with code -15
[2026-02-02T07:16:09.100Z] Starting dev server with command: pnpm run dev
[2026-02-02T07:16:09.937Z] 
[2026-02-02T07:16:09.938Z] > dopamine_dasher@1.0.0 dev /home/ubuntu/dopamine_dasher
[2026-02-02T07:16:09.938Z] > NODE_ENV=development tsx watch server/_core/index.ts
[2026-02-02T07:16:09.938Z] 
[2026-02-02T07:16:12.000Z] [OAuth] Initialized with baseURL: https://api.manus.im
[2026-02-02T07:16:12.327Z] Server running on http://localhost:3000/
[2026-02-02T07:35:48.681Z] 2:35:48 AM [tsx] change in ./server/routers.ts Restarting...
[2026-02-02T07:35:50.561Z] c/home/ubuntu/dopamine_dasher/server/autoDash.ts:7
[2026-02-02T07:35:50.562Z] import { db } from "./db";
[2026-02-02T07:35:50.562Z] ^
[2026-02-02T07:35:50.563Z] 
[2026-02-02T07:35:50.563Z] SyntaxError: The requested module './db' does not provide an export named 'db'
[2026-02-02T07:35:50.563Z] at ModuleJob._instantiate (node:internal/modules/esm/module_job:180:21)
[2026-02-02T07:35:50.564Z] at async ModuleJob.run (node:internal/modules/esm/module_job:263:5)
[2026-02-02T07:35:50.564Z] at async onImport.tracePromise.__proto__ (node:internal/modules/esm/loader:547:26)
[2026-02-02T07:35:50.564Z] at async asyncRunEntryPointWithESMLoader (node:internal/modules/run_main:116:5)
[2026-02-02T07:35:50.565Z] 
[2026-02-02T07:35:50.565Z] Node.js v22.13.0
[2026-02-02T07:35:54.727Z] Dev server process group stopped
[2026-02-02T07:35:54.731Z] ELIFECYCLE  Command failed.
[2026-02-02T07:35:54.748Z] Dev server exited with code -15
[2026-02-02T07:35:57.758Z] Starting dev server with command: pnpm run dev
[2026-02-02T07:35:58.583Z] 
[2026-02-02T07:35:58.584Z] > dopamine_dasher@1.0.0 dev /home/ubuntu/dopamine_dasher
[2026-02-02T07:35:58.584Z] > NODE_ENV=development tsx watch server/_core/index.ts
[2026-02-02T07:35:58.584Z] 
[2026-02-02T07:36:00.321Z] /home/ubuntu/dopamine_dasher/server/autoDash.ts:7
[2026-02-02T07:36:00.322Z] import { db } from "./db";
[2026-02-02T07:36:00.323Z] ^
[2026-02-02T07:36:00.323Z] 
[2026-02-02T07:36:00.323Z] SyntaxError: The requested module './db' does not provide an export named 'db'
[2026-02-02T07:36:00.324Z] at ModuleJob._instantiate (node:internal/modules/esm/module_job:180:21)
[2026-02-02T07:36:00.324Z] at async ModuleJob.run (node:internal/modules/esm/module_job:263:5)
[2026-02-02T07:36:00.324Z] at async onImport.tracePromise.__proto__ (node:internal/modules/esm/loader:547:26)
[2026-02-02T07:36:00.325Z] at async asyncRunEntryPointWithESMLoader (node:internal/modules/run_main:116:5)
[2026-02-02T07:36:00.325Z] 
[2026-02-02T07:36:00.325Z] Node.js v22.13.0
[2026-02-02T07:37:22.203Z] 2:37:22 AM [tsx] unlink in ./server/autoDashRouter.ts Rerunning...
[2026-02-02T07:37:22.478Z] c
[2026-02-02T07:37:22.479Z] node:internal/modules/run_main:122
[2026-02-02T07:37:22.479Z] triggerUncaughtException(
[2026-02-02T07:37:22.479Z] ^
[2026-02-02T07:37:22.480Z] Error [ERR_MODULE_NOT_FOUND]: Cannot find module '/home/ubuntu/dopamine_dasher/server/autoDashRouter' imported from /home/ubuntu/dopamine_dasher/server/routers.ts
[2026-02-02T07:37:22.480Z] at finalizeResolution (node:internal/modules/esm/resolve:275:11)
[2026-02-02T07:37:22.480Z] at moduleResolve (node:internal/modules/esm/resolve:932:10)
[2026-02-02T07:37:22.481Z] at defaultResolve (node:internal/modules/esm/resolve:1056:11)
[2026-02-02T07:37:22.481Z] at nextResolve (node:internal/modules/esm/hooks:748:28)
[2026-02-02T07:37:22.481Z] at resolveBase (file:///home/ubuntu/dopamine_dasher/node_modules/.pnpm/tsx@4.21.0/node_modules/tsx/dist/esm/index.mjs?1770017842309:2:3744)
[2026-02-02T07:37:22.482Z] at async resolveDirectory (file:///home/ubuntu/dopamine_dasher/node_modules/.pnpm/tsx@4.21.0/node_modules/tsx/dist/esm/index.mjs?1770017842309:2:4237)
[2026-02-02T07:37:22.482Z] at async resolve (file:///home/ubuntu/dopamine_dasher/node_modules/.pnpm/tsx@4.21.0/node_modules/tsx/dist/esm/index.mjs?1770017842309:2:5355)
[2026-02-02T07:37:22.482Z] at async nextResolve (node:internal/modules/esm/hooks:748:22)
[2026-02-02T07:37:22.482Z] at async Hooks.resolve (node:internal/modules/esm/hooks:240:24)
[2026-02-02T07:37:22.483Z] at async handleMessage (node:internal/modules/esm/worker:199:18) {
[2026-02-02T07:37:22.483Z] code: 'ERR_MODULE_NOT_FOUND',
[2026-02-02T07:37:22.483Z] url: 'file:///home/ubuntu/dopamine_dasher/server/autoDashRouter'
[2026-02-02T07:37:22.483Z] }
[2026-02-02T07:37:22.484Z] 
[2026-02-02T07:37:22.484Z] Node.js v22.13.0
[2026-02-02T07:37:26.343Z] 2:37:26 AM [tsx] change in ./server/routers.ts Rerunning...
[2026-02-02T07:37:28.301Z] c[OAuth] Initialized with baseURL: https://api.manus.im
[2026-02-02T07:37:28.621Z] Server running on http://localhost:3000/
[2026-02-02T07:37:29.644Z] Dev server process group stopped
[2026-02-02T07:37:29.648Z] ELIFECYCLE  Command failed.
[2026-02-02T07:37:30.593Z] 2:37:30 AM [vite] (client) Pre-transform error: The service was stopped: write EPIPE
[2026-02-02T07:37:30.594Z] Plugin: vite:esbuild
[2026-02-02T07:37:30.595Z] File: /home/ubuntu/dopamine_dasher/client/src/lib/store.ts
[2026-02-02T07:37:30.606Z] 2:37:30 AM [vite] (client) Pre-transform error: The service is no longer running: write EPIPE
[2026-02-02T07:37:30.607Z] Plugin: vite:esbuild
[2026-02-02T07:37:30.607Z] File: /home/ubuntu/dopamine_dasher/client/src/lib/serviceWorker.ts
[2026-02-02T07:37:30.959Z] Dev server exited with code -15
[2026-02-02T07:37:32.649Z] Starting dev server with command: pnpm run dev
[2026-02-02T07:37:33.455Z] 
[2026-02-02T07:37:33.455Z] > dopamine_dasher@1.0.0 dev /home/ubuntu/dopamine_dasher
[2026-02-02T07:37:33.456Z] > NODE_ENV=development tsx watch server/_core/index.ts
[2026-02-02T07:37:33.456Z] 
[2026-02-02T07:37:35.574Z] [OAuth] Initialized with baseURL: https://api.manus.im
[2026-02-02T07:37:35.902Z] Server running on http://localhost:3000/
[2026-02-02T09:11:59.120Z] 4:11:59 AM [vite] (client) hmr update /src/pages/Home.tsx, /src/index.css
[2026-02-03T21:33:19.545Z] Starting dev server with command: pnpm run dev
[2026-02-03T21:33:20.383Z] 
[2026-02-03T21:33:20.384Z] > dopamine_dasher@1.0.0 dev /home/ubuntu/dopamine_dasher
[2026-02-03T21:33:20.384Z] > NODE_ENV=development tsx watch server/_core/index.ts
[2026-02-03T21:33:20.385Z] 
[2026-02-03T21:33:22.344Z] [OAuth] Initialized with baseURL: https://api.manus.im
[2026-02-03T21:33:22.616Z] Server running on http://localhost:3000/
[2026-02-04T07:40:07.555Z] 2:40:07 AM [vite] (client) hmr update /src/pages/Home.tsx, /src/index.css
[2026-02-04T07:40:08.069Z] 2:40:07 AM [vite] Internal server error: /home/ubuntu/dopamine_dasher/client/src/pages/Home.tsx: Identifier 'useLocation' has already been declared. (3:9)
[2026-02-04T07:40:08.071Z] 
[2026-02-04T07:40:08.072Z] 1 | import { useLocation } from "wouter";
[2026-02-04T07:40:08.072Z] 2 | import React from "react";
[2026-02-04T07:40:08.073Z] > 3 | import { useLocation } from "wouter";
[2026-02-04T07:40:08.074Z] |          ^
[2026-02-04T07:40:08.075Z] 4 | import { Zap, Target, Trophy, Sparkles, Heart, Brain, LogIn, Wand2 } from "lucide-react";
[2026-02-04T07:40:08.075Z] 5 | import { motion } from "framer-motion";
[2026-02-04T07:40:08.075Z] 6 | import { getLoginUrl } from "@/const";
[2026-02-04T07:40:08.075Z] Plugin: vite:react-babel
[2026-02-04T07:40:08.076Z] File: /home/ubuntu/dopamine_dasher/client/src/pages/Home.tsx:3:9
[2026-02-04T07:40:08.076Z] 1  |  import { useLocation } from "wouter";
[2026-02-04T07:40:08.076Z] 2  |  import React from "react";
[2026-02-04T07:40:08.077Z] 3  |  import { useLocation } from "wouter";
[2026-02-04T07:40:08.077Z] |           ^
[2026-02-04T07:40:08.077Z] 4  |  import { Zap, Target, Trophy, Sparkles, Heart, Brain, LogIn, Wand2 } from "lucide-react";
[2026-02-04T07:40:08.078Z] 5  |  import { motion } from "framer-motion";
[2026-02-04T07:40:08.078Z] at toParseError (/home/ubuntu/dopamine_dasher/node_modules/.pnpm/@babel+parser@7.28.6/node_modules/@babel/parser/src/parse-error.ts:95:45)
[2026-02-04T07:40:08.078Z] at raise (/home/ubuntu/dopamine_dasher/node_modules/.pnpm/@babel+parser@7.28.6/node_modules/@babel/parser/src/tokenizer/index.ts:1504:19)
[2026-02-04T07:40:08.079Z] at declareName (/home/ubuntu/dopamine_dasher/node_modules/.pnpm/@babel+parser@7.28.6/node_modules/@babel/parser/src/plugins/typescript/scope.ts:72:21)
[2026-02-04T07:40:08.079Z] at declareNameFromIdentifier (/home/ubuntu/dopamine_dasher/node_modules/.pnpm/@babel+parser@7.28.6/node_modules/@babel/parser/src/parser/lval.ts:876:16)
[2026-02-04T07:40:08.079Z] at checkIdentifier (/home/ubuntu/dopamine_dasher/node_modules/.pnpm/@babel+parser@7.28.6/node_modules/@babel/parser/src/parser/lval.ts:871:12)
[2026-02-04T07:40:08.079Z] at checkLVal (/home/ubuntu/dopamine_dasher/node_modules/.pnpm/@babel+parser@7.28.6/node_modules/@babel/parser/src/parser/lval.ts:763:12)
[2026-02-04T07:40:08.080Z] at finishImportSpecifier (/home/ubuntu/dopamine_dasher/node_modules/.pnpm/@babel+parser@7.28.6/node_modules/@babel/parser/src/parser/statement.ts:3229:10)
[2026-02-04T07:40:08.080Z] at parseImportSpecifier (/home/ubuntu/dopamine_dasher/node_modules/.pnpm/@babel+parser@7.28.6/node_modules/@babel/parser/src/parser/statement.ts:3490:17)
[2026-02-04T07:40:08.080Z] at parseImportSpecifier (/home/ubuntu/dopamine_dasher/node_modules/.pnpm/@babel+parser@7.28.6/node_modules/@babel/parser/src/plugins/typescript/index.ts:4383:20)
[2026-02-04T07:40:08.081Z] at parseNamedImportSpecifiers (/home/ubuntu/dopamine_dasher/node_modules/.pnpm/@babel+parser@7.28.6/node_modules/@babel/parser/src/parser/statement.ts:3451:36)
[2026-02-04T07:40:08.081Z] at parseImportSpecifiersAndAfter (/home/ubuntu/dopamine_dasher/node_modules/.pnpm/@babel+parser@7.28.6/node_modules/@babel/parser/src/parser/statement.ts:3179:37)
[2026-02-04T07:40:08.081Z] at parseImport (/home/ubuntu/dopamine_dasher/node_modules/.pnpm/@babel+parser@7.28.6/node_modules/@babel/parser/src/parser/statement.ts:3148:17)
[2026-02-04T07:40:08.082Z] at parseImport (/home/ubuntu/dopamine_dasher/node_modules/.pnpm/@babel+parser@7.28.6/node_modules/@babel/parser/src/plugins/typescript/index.ts:2969:28)
[2026-02-04T07:40:08.082Z] at parseStatementContent (/home/ubuntu/dopamine_dasher/node_modules/.pnpm/@babel+parser@7.28.6/node_modules/@babel/parser/src/parser/statement.ts:647:25)
[2026-02-04T07:40:08.082Z] at parseStatementContent (/home/ubuntu/dopamine_dasher/node_modules/.pnpm/@babel+parser@7.28.6/node_modules/@babel/parser/src/plugins/typescript/index.ts:3219:20)
[2026-02-04T07:40:08.082Z] at parseStatementLike (/home/ubuntu/dopamine_dasher/node_modules/.pnpm/@babel+parser@7.28.6/node_modules/@babel/parser/src/parser/statement.ts:482:17)
[2026-02-04T07:40:08.083Z] at parseModuleItem (/home/ubuntu/dopamine_dasher/node_modules/.pnpm/@babel+parser@7.28.6/node_modules/@babel/parser/src/parser/statement.ts:419:17)
[2026-02-04T07:40:08.083Z] at parseBlockOrModuleBlockBody (/home/ubuntu/dopamine_dasher/node_modules/.pnpm/@babel+parser@7.28.6/node_modules/@babel/parser/src/parser/statement.ts:1443:16)
[2026-02-04T07:40:08.084Z] at parseBlockBody (/home/ubuntu/dopamine_dasher/node_modules/.pnpm/@babel+parser@7.28.6/node_modules/@babel/parser/src/parser/statement.ts:1417:10)
[2026-02-04T07:40:08.084Z] at parseProgram (/home/ubuntu/dopamine_dasher/node_modules/.pnpm/@babel+parser@7.28.6/node_modules/@babel/parser/src/parser/statement.ts:229:10)
[2026-02-04T07:40:08.085Z] at parseTopLevel (/home/ubuntu/dopamine_dasher/node_modules/.pnpm/@babel+parser@7.28.6/node_modules/@babel/parser/src/parser/statement.ts:203:25)
[2026-02-04T07:40:08.085Z] at parse (/home/ubuntu/dopamine_dasher/node_modules/.pnpm/@babel+parser@7.28.6/node_modules/@babel/parser/src/parser/index.ts:83:25)
[2026-02-04T07:40:08.085Z] at parse (/home/ubuntu/dopamine_dasher/node_modules/.pnpm/@babel+parser@7.28.6/node_modules/@babel/parser/src/plugins/typescript/index.ts:4333:20)
[2026-02-04T07:40:08.086Z] at parse (/home/ubuntu/dopamine_dasher/node_modules/.pnpm/@babel+parser@7.28.6/node_modules/@babel/parser/src/index.ts:86:38)
[2026-02-04T07:40:08.086Z] at parser (/home/ubuntu/dopamine_dasher/node_modules/.pnpm/@babel+core@7.28.6/node_modules/@babel/core/src/parser/index.ts:29:19)
[2026-02-04T07:40:08.086Z] at parser.next (<anonymous>)
[2026-02-04T07:40:08.086Z] at normalizeFile (/home/ubuntu/dopamine_dasher/node_modules/.pnpm/@babel+core@7.28.6/node_modules/@babel/core/src/transformation/normalize-file.ts:50:24)
[2026-02-04T07:40:08.087Z] at normalizeFile.next (<anonymous>)
[2026-02-04T07:40:08.087Z] at run (/home/ubuntu/dopamine_dasher/node_modules/.pnpm/@babel+core@7.28.6/node_modules/@babel/core/src/transformation/index.ts:41:36)
[2026-02-04T07:40:08.087Z] at run.next (<anonymous>)
[2026-02-04T07:40:08.087Z] at transform (/home/ubuntu/dopamine_dasher/node_modules/.pnpm/@babel+core@7.28.6/node_modules/@babel/core/src/transform.ts:29:20)
[2026-02-04T07:40:08.088Z] at transform.next (<anonymous>)
[2026-02-04T07:40:08.088Z] at step (/home/ubuntu/dopamine_dasher/node_modules/.pnpm/gensync@1.0.0-beta.2/node_modules/gensync/index.js:261:32)
[2026-02-04T07:40:08.088Z] at /home/ubuntu/dopamine_dasher/node_modules/.pnpm/gensync@1.0.0-beta.2/node_modules/gensync/index.js:273:13
[2026-02-04T07:40:08.089Z] at async.call.result.err.err (/home/ubuntu/dopamine_dasher/node_modules/.pnpm/gensync@1.0.0-beta.2/node_modules/gensync/index.js:223:11)
[2026-02-04T07:40:08.090Z] at /home/ubuntu/dopamine_dasher/node_modules/.pnpm/gensync@1.0.0-beta.2/node_modules/gensync/index.js:189:28
[2026-02-04T07:40:08.090Z] at <anonymous> (/home/ubuntu/dopamine_dasher/node_modules/.pnpm/@babel+core@7.28.6/node_modules/@babel/core/src/gensync-utils/async.ts:90:7)
[2026-02-04T07:40:08.091Z] at /home/ubuntu/dopamine_dasher/node_modules/.pnpm/gensync@1.0.0-beta.2/node_modules/gensync/index.js:113:33
[2026-02-04T07:40:08.091Z] at step (/home/ubuntu/dopamine_dasher/node_modules/.pnpm/gensync@1.0.0-beta.2/node_modules/gensync/index.js:287:14)
[2026-02-04T07:40:08.091Z] at /home/ubuntu/dopamine_dasher/node_modules/.pnpm/gensync@1.0.0-beta.2/node_modules/gensync/index.js:273:13
[2026-02-04T07:40:08.092Z] at async.call.result.err.err (/home/ubuntu/dopamine_dasher/node_modules/.pnpm/gensync@1.0.0-beta.2/node_modules/gensync/index.js:223:11)
[2026-02-04T07:40:08.092Z] 2:40:07 AM [vite] (client) Pre-transform error: /home/ubuntu/dopamine_dasher/client/src/pages/Home.tsx: Identifier 'useLocation' has already been declared. (3:9)
[2026-02-04T07:40:08.092Z] 
[2026-02-04T07:40:08.092Z] 1 | import { useLocation } from "wouter";
[2026-02-04T07:40:08.093Z] 2 | import React from "react";
[2026-02-04T07:40:08.093Z] > 3 | import { useLocation } from "wouter";
[2026-02-04T07:40:08.093Z] |          ^
[2026-02-04T07:40:08.094Z] 4 | import { Zap, Target, Trophy, Sparkles, Heart, Brain, LogIn, Wand2 } from "lucide-react";
[2026-02-04T07:40:08.094Z] 5 | import { motion } from "framer-motion";
[2026-02-04T07:40:08.094Z] 6 | import { getLoginUrl } from "@/const";
[2026-02-04T07:40:08.095Z] Plugin: vite:react-babel
[2026-02-04T07:40:08.095Z] File: /home/ubuntu/dopamine_dasher/client/src/pages/Home.tsx:3:9
[2026-02-04T07:40:08.096Z] 1  |  import { useLocation } from "wouter";
[2026-02-04T07:40:08.096Z] 2  |  import React from "react";
[2026-02-04T07:40:08.096Z] 3  |  import { useLocation } from "wouter";
[2026-02-04T07:40:08.096Z] |           ^
[2026-02-04T07:40:08.097Z] 4  |  import { Zap, Target, Trophy, Sparkles, Heart, Brain, LogIn, Wand2 } from "lucide-react";
[2026-02-04T07:40:08.097Z] 5  |  import { motion } from "framer-motion";
[2026-02-04T07:40:08.230Z] 2:40:08 AM [vite] Internal server error: /home/ubuntu/dopamine_dasher/client/src/pages/Home.tsx: Identifier 'useLocation' has already been declared. (3:9)
[2026-02-04T07:40:08.231Z] 
[2026-02-04T07:40:08.231Z] 1 | import { useLocation } from "wouter";
[2026-02-04T07:40:08.231Z] 2 | import React from "react";
[2026-02-04T07:40:08.231Z] > 3 | import { useLocation } from "wouter";
[2026-02-04T07:40:08.232Z] |          ^
[2026-02-04T07:40:08.232Z] 4 | import { Zap, Target, Trophy, Sparkles, Heart, Brain, LogIn, Wand2 } from "lucide-react";
[2026-02-04T07:40:08.232Z] 5 | import { motion } from "framer-motion";
[2026-02-04T07:40:08.233Z] 6 | import { getLoginUrl } from "@/const";
[2026-02-04T07:40:08.233Z] Plugin: vite:react-babel
[2026-02-04T07:40:08.233Z] File: /home/ubuntu/dopamine_dasher/client/src/pages/Home.tsx:3:9
[2026-02-04T07:40:08.233Z] 1  |  import { useLocation } from "wouter";
[2026-02-04T07:40:08.233Z] 2  |  import React from "react";
[2026-02-04T07:40:08.234Z] 3  |  import { useLocation } from "wouter";
[2026-02-04T07:40:08.234Z] |           ^
[2026-02-04T07:40:08.234Z] 4  |  import { Zap, Target, Trophy, Sparkles, Heart, Brain, LogIn, Wand2 } from "lucide-react";
[2026-02-04T07:40:08.235Z] 5  |  import { motion } from "framer-motion";
[2026-02-04T07:40:08.235Z] at toParseError (/home/ubuntu/dopamine_dasher/node_modules/.pnpm/@babel+parser@7.28.6/node_modules/@babel/parser/src/parse-error.ts:95:45)
[2026-02-04T07:40:08.236Z] at raise (/home/ubuntu/dopamine_dasher/node_modules/.pnpm/@babel+parser@7.28.6/node_modules/@babel/parser/src/tokenizer/index.ts:1504:19)
[2026-02-04T07:40:08.236Z] at declareName (/home/ubuntu/dopamine_dasher/node_modules/.pnpm/@babel+parser@7.28.6/node_modules/@babel/parser/src/plugins/typescript/scope.ts:72:21)
[2026-02-04T07:40:08.236Z] at declareNameFromIdentifier (/home/ubuntu/dopamine_dasher/node_modules/.pnpm/@babel+parser@7.28.6/node_modules/@babel/parser/src/parser/lval.ts:876:16)
[2026-02-04T07:40:08.237Z] at checkIdentifier (/home/ubuntu/dopamine_dasher/node_modules/.pnpm/@babel+parser@7.28.6/node_modules/@babel/parser/src/parser/lval.ts:871:12)
[2026-02-04T07:40:08.237Z] at checkLVal (/home/ubuntu/dopamine_dasher/node_modules/.pnpm/@babel+parser@7.28.6/node_modules/@babel/parser/src/parser/lval.ts:763:12)
[2026-02-04T07:40:08.237Z] at finishImportSpecifier (/home/ubuntu/dopamine_dasher/node_modules/.pnpm/@babel+parser@7.28.6/node_modules/@babel/parser/src/parser/statement.ts:3229:10)
[2026-02-04T07:40:08.237Z] at parseImportSpecifier (/home/ubuntu/dopamine_dasher/node_modules/.pnpm/@babel+parser@7.28.6/node_modules/@babel/parser/src/parser/statement.ts:3490:17)
[2026-02-04T07:40:08.238Z] at parseImportSpecifier (/home/ubuntu/dopamine_dasher/node_modules/.pnpm/@babel+parser@7.28.6/node_modules/@babel/parser/src/plugins/typescript/index.ts:4383:20)
[2026-02-04T07:40:08.238Z] at parseNamedImportSpecifiers (/home/ubuntu/dopamine_dasher/node_modules/.pnpm/@babel+parser@7.28.6/node_modules/@babel/parser/src/parser/statement.ts:3451:36)
[2026-02-04T07:40:08.238Z] at parseImportSpecifiersAndAfter (/home/ubuntu/dopamine_dasher/node_modules/.pnpm/@babel+parser@7.28.6/node_modules/@babel/parser/src/parser/statement.ts:3179:37)
[2026-02-04T07:40:08.239Z] at parseImport (/home/ubuntu/dopamine_dasher/node_modules/.pnpm/@babel+parser@7.28.6/node_modules/@babel/parser/src/parser/statement.ts:3148:17)
[2026-02-04T07:40:08.239Z] at parseImport (/home/ubuntu/dopamine_dasher/node_modules/.pnpm/@babel+parser@7.28.6/node_modules/@babel/parser/src/plugins/typescript/index.ts:2969:28)
[2026-02-04T07:40:08.240Z] at parseStatementContent (/home/ubuntu/dopamine_dasher/node_modules/.pnpm/@babel+parser@7.28.6/node_modules/@babel/parser/src/parser/statement.ts:647:25)
[2026-02-04T07:40:08.240Z] at parseStatementContent (/home/ubuntu/dopamine_dasher/node_modules/.pnpm/@babel+parser@7.28.6/node_modules/@babel/parser/src/plugins/typescript/index.ts:3219:20)
[2026-02-04T07:40:08.240Z] at parseStatementLike (/home/ubuntu/dopamine_dasher/node_modules/.pnpm/@babel+parser@7.28.6/node_modules/@babel/parser/src/parser/statement.ts:482:17)
[2026-02-04T07:40:08.241Z] at parseModuleItem (/home/ubuntu/dopamine_dasher/node_modules/.pnpm/@babel+parser@7.28.6/node_modules/@babel/parser/src/parser/statement.ts:419:17)
[2026-02-04T07:40:08.241Z] at parseBlockOrModuleBlockBody (/home/ubuntu/dopamine_dasher/node_modules/.pnpm/@babel+parser@7.28.6/node_modules/@babel/parser/src/parser/statement.ts:1443:16)
[2026-02-04T07:40:08.242Z] at parseBlockBody (/home/ubuntu/dopamine_dasher/node_modules/.pnpm/@babel+parser@7.28.6/node_modules/@babel/parser/src/parser/statement.ts:1417:10)
[2026-02-04T07:40:08.242Z] at parseProgram (/home/ubuntu/dopamine_dasher/node_modules/.pnpm/@babel+parser@7.28.6/node_modules/@babel/parser/src/parser/statement.ts:229:10)
[2026-02-04T07:40:08.242Z] at parseTopLevel (/home/ubuntu/dopamine_dasher/node_modules/.pnpm/@babel+parser@7.28.6/node_modules/@babel/parser/src/parser/statement.ts:203:25)
[2026-02-04T07:40:08.243Z] at parse (/home/ubuntu/dopamine_dasher/node_modules/.pnpm/@babel+parser@7.28.6/node_modules/@babel/parser/src/parser/index.ts:83:25)
[2026-02-04T07:40:08.243Z] at parse (/home/ubuntu/dopamine_dasher/node_modules/.pnpm/@babel+parser@7.28.6/node_modules/@babel/parser/src/plugins/typescript/index.ts:4333:20)
[2026-02-04T07:40:08.244Z] at parse (/home/ubuntu/dopamine_dasher/node_modules/.pnpm/@babel+parser@7.28.6/node_modules/@babel/parser/src/index.ts:86:38)
[2026-02-04T07:40:08.244Z] at parser (/home/ubuntu/dopamine_dasher/node_modules/.pnpm/@babel+core@7.28.6/node_modules/@babel/core/src/parser/index.ts:29:19)
[2026-02-04T07:40:08.244Z] at parser.next (<anonymous>)
[2026-02-04T07:40:08.245Z] at normalizeFile (/home/ubuntu/dopamine_dasher/node_modules/.pnpm/@babel+core@7.28.6/node_modules/@babel/core/src/transformation/normalize-file.ts:50:24)
[2026-02-04T07:40:08.245Z] at normalizeFile.next (<anonymous>)
[2026-02-04T07:40:08.246Z] at run (/home/ubuntu/dopamine_dasher/node_modules/.pnpm/@babel+core@7.28.6/node_modules/@babel/core/src/transformation/index.ts:41:36)
[2026-02-04T07:40:08.246Z] at run.next (<anonymous>)
[2026-02-04T07:40:08.247Z] at transform (/home/ubuntu/dopamine_dasher/node_modules/.pnpm/@babel+core@7.28.6/node_modules/@babel/core/src/transform.ts:29:20)
[2026-02-04T07:40:08.247Z] at transform.next (<anonymous>)
[2026-02-04T07:40:08.247Z] at step (/home/ubuntu/dopamine_dasher/node_modules/.pnpm/gensync@1.0.0-beta.2/node_modules/gensync/index.js:261:32)
[2026-02-04T07:40:08.248Z] at /home/ubuntu/dopamine_dasher/node_modules/.pnpm/gensync@1.0.0-beta.2/node_modules/gensync/index.js:273:13
[2026-02-04T07:40:08.248Z] at async.call.result.err.err (/home/ubuntu/dopamine_dasher/node_modules/.pnpm/gensync@1.0.0-beta.2/node_modules/gensync/index.js:223:11)
[2026-02-04T07:40:08.249Z] at /home/ubuntu/dopamine_dasher/node_modules/.pnpm/gensync@1.0.0-beta.2/node_modules/gensync/index.js:189:28
[2026-02-04T07:40:08.249Z] at <anonymous> (/home/ubuntu/dopamine_dasher/node_modules/.pnpm/@babel+core@7.28.6/node_modules/@babel/core/src/gensync-utils/async.ts:90:7)
[2026-02-04T07:40:08.250Z] at /home/ubuntu/dopamine_dasher/node_modules/.pnpm/gensync@1.0.0-beta.2/node_modules/gensync/index.js:113:33
[2026-02-04T07:40:08.250Z] at step (/home/ubuntu/dopamine_dasher/node_modules/.pnpm/gensync@1.0.0-beta.2/node_modules/gensync/index.js:287:14)
[2026-02-04T07:40:08.250Z] at /home/ubuntu/dopamine_dasher/node_modules/.pnpm/gensync@1.0.0-beta.2/node_modules/gensync/index.js:273:13
[2026-02-04T07:40:08.251Z] at async.call.result.err.err (/home/ubuntu/dopamine_dasher/node_modules/.pnpm/gensync@1.0.0-beta.2/node_modules/gensync/index.js:223:11)
[2026-02-04T07:40:10.664Z] 2:40:10 AM [vite] Internal server error: /home/ubuntu/dopamine_dasher/client/src/pages/Home.tsx: Identifier 'useLocation' has already been declared. (3:9)
[2026-02-04T07:40:10.665Z] 
[2026-02-04T07:40:10.665Z] 1 | import { useLocation } from "wouter";
[2026-02-04T07:40:10.666Z] 2 | import React from "react";
[2026-02-04T07:40:10.666Z] > 3 | import { useLocation } from "wouter";
[2026-02-04T07:40:10.667Z] |          ^
[2026-02-04T07:40:10.667Z] 4 | import { Zap, Target, Trophy, Sparkles, Heart, Brain, LogIn, Wand2 } from "lucide-react";
[2026-02-04T07:40:10.667Z] 5 | import { motion } from "framer-motion";
[2026-02-04T07:40:10.668Z] 6 | import { getLoginUrl } from "@/const";
[2026-02-04T07:40:10.668Z] Plugin: vite:react-babel
[2026-02-04T07:40:10.669Z] File: /home/ubuntu/dopamine_dasher/client/src/pages/Home.tsx:3:9
[2026-02-04T07:40:10.669Z] 1  |  import { useLocation } from "wouter";
[2026-02-04T07:40:10.669Z] 2  |  import React from "react";
[2026-02-04T07:40:10.670Z] 3  |  import { useLocation } from "wouter";
[2026-02-04T07:40:10.670Z] |           ^
[2026-02-04T07:40:10.670Z] 4  |  import { Zap, Target, Trophy, Sparkles, Heart, Brain, LogIn, Wand2 } from "lucide-react";
[2026-02-04T07:40:10.670Z] 5  |  import { motion } from "framer-motion";
[2026-02-04T07:40:10.671Z] at toParseError (/home/ubuntu/dopamine_dasher/node_modules/.pnpm/@babel+parser@7.28.6/node_modules/@babel/parser/src/parse-error.ts:95:45)
[2026-02-04T07:40:10.671Z] at raise (/home/ubuntu/dopamine_dasher/node_modules/.pnpm/@babel+parser@7.28.6/node_modules/@babel/parser/src/tokenizer/index.ts:1504:19)
[2026-02-04T07:40:10.671Z] at declareName (/home/ubuntu/dopamine_dasher/node_modules/.pnpm/@babel+parser@7.28.6/node_modules/@babel/parser/src/plugins/typescript/scope.ts:72:21)
[2026-02-04T07:40:10.672Z] at declareNameFromIdentifier (/home/ubuntu/dopamine_dasher/node_modules/.pnpm/@babel+parser@7.28.6/node_modules/@babel/parser/src/parser/lval.ts:876:16)
[2026-02-04T07:40:10.672Z] at checkIdentifier (/home/ubuntu/dopamine_dasher/node_modules/.pnpm/@babel+parser@7.28.6/node_modules/@babel/parser/src/parser/lval.ts:871:12)
[2026-02-04T07:40:10.672Z] at checkLVal (/home/ubuntu/dopamine_dasher/node_modules/.pnpm/@babel+parser@7.28.6/node_modules/@babel/parser/src/parser/lval.ts:763:12)
[2026-02-04T07:40:10.673Z] at finishImportSpecifier (/home/ubuntu/dopamine_dasher/node_modules/.pnpm/@babel+parser@7.28.6/node_modules/@babel/parser/src/parser/statement.ts:3229:10)
[2026-02-04T07:40:10.673Z] at parseImportSpecifier (/home/ubuntu/dopamine_dasher/node_modules/.pnpm/@babel+parser@7.28.6/node_modules/@babel/parser/src/parser/statement.ts:3490:17)
[2026-02-04T07:40:10.673Z] at parseImportSpecifier (/home/ubuntu/dopamine_dasher/node_modules/.pnpm/@babel+parser@7.28.6/node_modules/@babel/parser/src/plugins/typescript/index.ts:4383:20)
[2026-02-04T07:40:10.674Z] at parseNamedImportSpecifiers (/home/ubuntu/dopamine_dasher/node_modules/.pnpm/@babel+parser@7.28.6/node_modules/@babel/parser/src/parser/statement.ts:3451:36)
[2026-02-04T07:40:10.674Z] at parseImportSpecifiersAndAfter (/home/ubuntu/dopamine_dasher/node_modules/.pnpm/@babel+parser@7.28.6/node_modules/@babel/parser/src/parser/statement.ts:3179:37)
[2026-02-04T07:40:10.674Z] at parseImport (/home/ubuntu/dopamine_dasher/node_modules/.pnpm/@babel+parser@7.28.6/node_modules/@babel/parser/src/parser/statement.ts:3148:17)
[2026-02-04T07:40:10.674Z] at parseImport (/home/ubuntu/dopamine_dasher/node_modules/.pnpm/@babel+parser@7.28.6/node_modules/@babel/parser/src/plugins/typescript/index.ts:2969:28)
[2026-02-04T07:40:10.675Z] at parseStatementContent (/home/ubuntu/dopamine_dasher/node_modules/.pnpm/@babel+parser@7.28.6/node_modules/@babel/parser/src/parser/statement.ts:647:25)
[2026-02-04T07:40:10.675Z] at parseStatementContent (/home/ubuntu/dopamine_dasher/node_modules/.pnpm/@babel+parser@7.28.6/node_modules/@babel/parser/src/plugins/typescript/index.ts:3219:20)
[2026-02-04T07:40:10.675Z] at parseStatementLike (/home/ubuntu/dopamine_dasher/node_modules/.pnpm/@babel+parser@7.28.6/node_modules/@babel/parser/src/parser/statement.ts:482:17)
[2026-02-04T07:40:10.676Z] at parseModuleItem (/home/ubuntu/dopamine_dasher/node_modules/.pnpm/@babel+parser@7.28.6/node_modules/@babel/parser/src/parser/statement.ts:419:17)
[2026-02-04T07:40:10.676Z] at parseBlockOrModuleBlockBody (/home/ubuntu/dopamine_dasher/node_modules/.pnpm/@babel+parser@7.28.6/node_modules/@babel/parser/src/parser/statement.ts:1443:16)
[2026-02-04T07:40:10.676Z] at parseBlockBody (/home/ubuntu/dopamine_dasher/node_modules/.pnpm/@babel+parser@7.28.6/node_modules/@babel/parser/src/parser/statement.ts:1417:10)
[2026-02-04T07:40:10.677Z] at parseProgram (/home/ubuntu/dopamine_dasher/node_modules/.pnpm/@babel+parser@7.28.6/node_modules/@babel/parser/src/parser/statement.ts:229:10)
[2026-02-04T07:40:10.677Z] at parseTopLevel (/home/ubuntu/dopamine_dasher/node_modules/.pnpm/@babel+parser@7.28.6/node_modules/@babel/parser/src/parser/statement.ts:203:25)
[2026-02-04T07:40:10.677Z] at parse (/home/ubuntu/dopamine_dasher/node_modules/.pnpm/@babel+parser@7.28.6/node_modules/@babel/parser/src/parser/index.ts:83:25)
[2026-02-04T07:40:10.678Z] at parse (/home/ubuntu/dopamine_dasher/node_modules/.pnpm/@babel+parser@7.28.6/node_modules/@babel/parser/src/plugins/typescript/index.ts:4333:20)
[2026-02-04T07:40:10.678Z] at parse (/home/ubuntu/dopamine_dasher/node_modules/.pnpm/@babel+parser@7.28.6/node_modules/@babel/parser/src/index.ts:86:38)
[2026-02-04T07:40:10.678Z] at parser (/home/ubuntu/dopamine_dasher/node_modules/.pnpm/@babel+core@7.28.6/node_modules/@babel/core/src/parser/index.ts:29:19)
[2026-02-04T07:40:10.678Z] at parser.next (<anonymous>)
[2026-02-04T07:40:10.679Z] at normalizeFile (/home/ubuntu/dopamine_dasher/node_modules/.pnpm/@babel+core@7.28.6/node_modules/@babel/core/src/transformation/normalize-file.ts:50:24)
[2026-02-04T07:40:10.679Z] at normalizeFile.next (<anonymous>)
[2026-02-04T07:40:10.679Z] at run (/home/ubuntu/dopamine_dasher/node_modules/.pnpm/@babel+core@7.28.6/node_modules/@babel/core/src/transformation/index.ts:41:36)
[2026-02-04T07:40:10.680Z] at run.next (<anonymous>)
[2026-02-04T07:40:10.680Z] at transform (/home/ubuntu/dopamine_dasher/node_modules/.pnpm/@babel+core@7.28.6/node_modules/@babel/core/src/transform.ts:29:20)
[2026-02-04T07:40:10.680Z] at transform.next (<anonymous>)
[2026-02-04T07:40:10.680Z] at step (/home/ubuntu/dopamine_dasher/node_modules/.pnpm/gensync@1.0.0-beta.2/node_modules/gensync/index.js:261:32)
[2026-02-04T07:40:10.681Z] at /home/ubuntu/dopamine_dasher/node_modules/.pnpm/gensync@1.0.0-beta.2/node_modules/gensync/index.js:273:13
[2026-02-04T07:40:10.681Z] at async.call.result.err.err (/home/ubuntu/dopamine_dasher/node_modules/.pnpm/gensync@1.0.0-beta.2/node_modules/gensync/index.js:223:11)
[2026-02-04T07:40:10.681Z] at /home/ubuntu/dopamine_dasher/node_modules/.pnpm/gensync@1.0.0-beta.2/node_modules/gensync/index.js:189:28
[2026-02-04T07:40:10.682Z] at <anonymous> (/home/ubuntu/dopamine_dasher/node_modules/.pnpm/@babel+core@7.28.6/node_modules/@babel/core/src/gensync-utils/async.ts:90:7)
[2026-02-04T07:40:10.682Z] at /home/ubuntu/dopamine_dasher/node_modules/.pnpm/gensync@1.0.0-beta.2/node_modules/gensync/index.js:113:33
[2026-02-04T07:40:10.683Z] at step (/home/ubuntu/dopamine_dasher/node_modules/.pnpm/gensync@1.0.0-beta.2/node_modules/gensync/index.js:287:14)
[2026-02-04T07:40:10.683Z] at /home/ubuntu/dopamine_dasher/node_modules/.pnpm/gensync@1.0.0-beta.2/node_modules/gensync/index.js:273:13
[2026-02-04T07:40:10.683Z] at async.call.result.err.err (/home/ubuntu/dopamine_dasher/node_modules/.pnpm/gensync@1.0.0-beta.2/node_modules/gensync/index.js:223:11)
[2026-02-04T07:40:12.684Z] 2:40:12 AM [vite] (client) hmr update /src/pages/Home.tsx, /src/index.css
[2026-02-04T07:40:26.116Z] 2:40:26 AM [vite] (client) hmr update /src/pages/Home.tsx, /src/index.css
[2026-02-06T07:49:14.234Z] Starting dev server with command: pnpm run dev
[2026-02-06T07:49:14.739Z] 
[2026-02-06T07:49:14.739Z] > dopamine_dasher@1.0.0 dev /home/ubuntu/dopamine_dasher
[2026-02-06T07:49:14.740Z] > NODE_ENV=development tsx watch server/_core/index.ts
[2026-02-06T07:49:14.740Z] 
[2026-02-06T07:49:16.301Z] [OAuth] Initialized with baseURL: https://api.manus.im
[2026-02-06T07:49:16.527Z] Server running on http://localhost:3000/
[2026-02-06T07:49:20.844Z] [Auth] Missing session cookie
[2026-02-06T07:49:23.479Z] [Auth] Missing session cookie
[2026-02-06T07:49:26.099Z] [Auth] Missing session cookie
[2026-02-06T07:49:29.133Z] [Auth] Missing session cookie
[2026-02-06T07:49:32.470Z] [Auth] Missing session cookie
[2026-02-06T07:49:35.085Z] [Auth] Missing session cookie
[2026-02-06T07:49:37.747Z] [Auth] Missing session cookie
[2026-02-06T07:49:40.379Z] [Auth] Missing session cookie
[2026-02-06T07:49:43.021Z] [Auth] Missing session cookie
[2026-02-06T07:49:45.638Z] [Auth] Missing session cookie
[2026-02-06T07:49:48.265Z] [Auth] Missing session cookie
[2026-02-06T07:49:50.935Z] [Auth] Missing session cookie
[2026-02-06T07:49:53.561Z] [Auth] Missing session cookie
[2026-02-06T07:49:56.166Z] [Auth] Missing session cookie
[2026-02-06T07:49:58.787Z] [Auth] Missing session cookie
[2026-02-06T07:50:01.448Z] [Auth] Missing session cookie
[2026-02-06T07:50:04.088Z] [Auth] Missing session cookie
[2026-02-06T08:29:20.226Z] [Auth] Missing session cookie
[2026-02-06T08:29:22.836Z] [Auth] Missing session cookie
[2026-02-06T08:29:25.461Z] [Auth] Missing session cookie
[2026-02-06T08:29:28.075Z] [Auth] Missing session cookie
[2026-02-06T08:29:34.589Z] [Auth] Missing session cookie
[2026-02-06T09:26:59.565Z] [Auth] Missing session cookie
[2026-02-06T09:27:02.171Z] [Auth] Missing session cookie
[2026-02-06T09:27:04.798Z] [Auth] Missing session cookie
[2026-02-06T09:27:07.437Z] [Auth] Missing session cookie
[2026-02-06T09:27:10.046Z] [Auth] Missing session cookie
[2026-02-06T09:27:12.647Z] [Auth] Missing session cookie
[2026-02-06T09:27:19.629Z] [Auth] Missing session cookie
[2026-02-06T17:31:44.396Z] Starting dev server with command: pnpm run dev
[2026-02-06T17:31:45.044Z] 
[2026-02-06T17:31:45.044Z] > dopamine_dasher@1.0.0 dev /home/ubuntu/dopamine_dasher
[2026-02-06T17:31:45.045Z] > NODE_ENV=development tsx watch server/_core/index.ts
[2026-02-06T17:31:45.045Z] 
[2026-02-06T17:31:48.929Z] [OAuth] Initialized with baseURL: https://api.manus.im
[2026-02-06T17:31:50.050Z] Server running on http://localhost:3000/
[2026-02-06T17:33:11.748Z] 12:33:11 PM [tsx] change in ./server/_core/vite.ts Restarting...
[2026-02-06T17:33:13.241Z] c[OAuth] Initialized with baseURL: https://api.manus.im
[2026-02-06T17:33:13.472Z] Server running on http://localhost:3000/
[2026-02-06T17:34:21.791Z] 12:34:21 PM [tsx] change in ./server/_core/vite.ts Restarting...
[2026-02-06T17:34:23.200Z] c[OAuth] Initialized with baseURL: https://api.manus.im
[2026-02-06T17:34:23.421Z] Server running on http://localhost:3000/
[2026-02-06T18:19:33.783Z] 1:19:33 PM [vite] (client) page reload index.html
[2026-02-11T07:25:36.330Z] 2:25:36 AM [tsx] change in ./server/_core/index.ts Restarting...
[2026-02-11T07:25:39.226Z] c[OAuth] Initialized with baseURL: https://api.manus.im
[2026-02-11T07:25:39.706Z] Server running on http://localhost:3000/
[2026-02-11T20:57:44.060Z] Dev server process group stopped
[2026-02-11T20:57:47.081Z] Starting dev server with command: pnpm run dev
[2026-02-11T20:57:47.582Z] 
[2026-02-11T20:57:47.583Z] > dopamine_dasher@1.0.0 dev /home/ubuntu/dopamine_dasher
[2026-02-11T20:57:47.583Z] > NODE_ENV=development tsx watch server/_core/index.ts
[2026-02-11T20:57:47.583Z] 
[2026-02-11T20:57:51.988Z] [OAuth] Initialized with baseURL: https://api.manus.im
[2026-02-11T20:57:52.454Z] Server running on http://localhost:3000/
[2026-02-11T22:41:23.864Z] 5:41:23 PM [tsx] change in ./server/_core/index.ts Restarting...
[2026-02-11T22:41:25.424Z] c[OAuth] Initialized with baseURL: https://api.manus.im
[2026-02-11T22:41:25.643Z] Server running on http://localhost:3000/
[2026-02-13T05:57:13.957Z] 12:57:13 AM [tsx] change in ./server/_core/index.ts Restarting...
[2026-02-13T05:57:20.838Z] c[OAuth] Initialized with baseURL: https://api.manus.im
[2026-02-13T05:57:22.195Z] Server running on http://localhost:3000/
[2026-02-13T07:44:29.123Z] 2:44:29 AM [tsx] change in ./drizzle/schema.ts Restarting...
[2026-02-13T07:44:30.600Z] c[OAuth] Initialized with baseURL: https://api.manus.im
[2026-02-13T07:44:30.841Z] Server running on http://localhost:3000/
[2026-02-13T07:44:52.161Z] 2:44:52 AM [tsx] change in ./server/db.ts Restarting...
[2026-02-13T07:44:53.451Z] c[OAuth] Initialized with baseURL: https://api.manus.im
[2026-02-13T07:44:53.662Z] Server running on http://localhost:3000/
[2026-02-13T07:45:15.525Z] 2:45:15 AM [tsx] change in ./server/db.ts Restarting...
[2026-02-13T07:45:16.960Z] c[OAuth] Initialized with baseURL: https://api.manus.im
[2026-02-13T07:45:17.145Z] Server running on http://localhost:3000/
[2026-02-13T07:45:40.403Z] 2:45:40 AM [tsx] change in ./server/routers.ts Restarting...
[2026-02-13T07:45:41.713Z] c[OAuth] Initialized with baseURL: https://api.manus.im
[2026-02-13T07:45:41.936Z] Server running on http://localhost:3000/
[2026-02-13T08:46:26.472Z] 3:46:26 AM [vite] (client) hmr update /src/pages/Dash.tsx, /src/index.css
[2026-02-13T08:47:10.944Z] 3:47:10 AM [vite] (client) hmr update /src/pages/Dash.tsx, /src/index.css
[2026-02-13T08:47:49.811Z] 3:47:49 AM [tsx] change in ./server/routers.ts Restarting...
[2026-02-13T08:47:51.451Z] c[OAuth] Initialized with baseURL: https://api.manus.im
[2026-02-13T08:47:51.709Z] Server running on http://localhost:3000/
[2026-02-13T19:33:50.572Z] 2:33:50 PM [vite] (client) hmr update /src/index.css, /src/components/CalmOpening.tsx
